2024-12-02T01:57:08.905+0700 [DEBUG] [org.gradle.launcher.daemon.bootstrap.DaemonMain] Assuming the daemon was started with following jvm opts: [--add-opens=java.base/java.util=ALL-UNNAMED, --add-opens=java.base/java.lang=ALL-UNNAMED, --add-opens=java.base/java.lang.invoke=ALL-UNNAMED, --add-opens=java.prefs/java.util.prefs=ALL-UNNAMED, --add-opens=java.base/java.nio.charset=ALL-UNNAMED, --add-opens=java.base/java.net=ALL-UNNAMED, --add-opens=java.base/java.util.concurrent.atomic=ALL-UNNAMED, -Xmx2048m, -Dfile.encoding=UTF-8, -Duser.country=ID, -Duser.language=en, -Duser.variant]
2024-12-02T01:57:09.094+0700 [DEBUG] [org.gradle.internal.nativeintegration.services.NativeServices] Native-platform posix files integration is not available. Continuing with fallback.
2024-12-02T01:57:09.110+0700 [INFO] [org.gradle.launcher.daemon.server.Daemon] start() called on daemon - DefaultDaemonContext[uid=2fbbc868-7bf5-49ca-8f69-83f310a152cc,javaHome=C:\Program Files\Android\Android Studio\jbr,daemonRegistryDir=C:\Users\user\StudioProjects\TestApp\daemon,pid=11284,idleTimeout=10800000,priority=NORMAL,applyInstrumentationAgent=true,daemonOpts=--add-opens=java.base/java.util=ALL-UNNAMED,--add-opens=java.base/java.lang=ALL-UNNAMED,--add-opens=java.base/java.lang.invoke=ALL-UNNAMED,--add-opens=java.prefs/java.util.prefs=ALL-UNNAMED,--add-opens=java.base/java.nio.charset=ALL-UNNAMED,--add-opens=java.base/java.net=ALL-UNNAMED,--add-opens=java.base/java.util.concurrent.atomic=ALL-UNNAMED,-Xmx2048m,-Dfile.encoding=UTF-8,-Duser.country=ID,-Duser.language=en,-Duser.variant]
2024-12-02T01:57:09.201+0700 [DEBUG] [org.gradle.internal.remote.internal.inet.InetAddresses] Adding IP addresses for network interface Software Loopback Interface 1
2024-12-02T01:57:09.204+0700 [DEBUG] [org.gradle.internal.remote.internal.inet.InetAddresses] Is this a loopback interface? true
2024-12-02T01:57:09.205+0700 [DEBUG] [org.gradle.internal.remote.internal.inet.InetAddresses] Adding loopback address /127.0.0.1
2024-12-02T01:57:09.205+0700 [DEBUG] [org.gradle.internal.remote.internal.inet.InetAddresses] Adding loopback address /0:0:0:0:0:0:0:1
2024-12-02T01:57:09.206+0700 [DEBUG] [org.gradle.internal.remote.internal.inet.InetAddresses] Adding IP addresses for network interface Microsoft 6to4 Adapter
2024-12-02T01:57:09.209+0700 [DEBUG] [org.gradle.internal.remote.internal.inet.InetAddresses] Is this a loopback interface? false
2024-12-02T01:57:09.209+0700 [DEBUG] [org.gradle.internal.remote.internal.inet.InetAddresses] Adding IP addresses for network interface Microsoft Wi-Fi Direct Virtual Adapter
2024-12-02T01:57:09.211+0700 [DEBUG] [org.gradle.internal.remote.internal.inet.InetAddresses] Is this a loopback interface? false
2024-12-02T01:57:09.212+0700 [DEBUG] [org.gradle.internal.remote.internal.inet.InetAddresses] Adding remote address /fe80:0:0:0:d1bc:7aab:1542:1513%wlan0
2024-12-02T01:57:09.212+0700 [DEBUG] [org.gradle.internal.remote.internal.inet.InetAddresses] Adding IP addresses for network interface WAN Miniport (L2TP)
2024-12-02T01:57:09.215+0700 [DEBUG] [org.gradle.internal.remote.internal.inet.InetAddresses] Is this a loopback interface? false
2024-12-02T01:57:09.215+0700 [DEBUG] [org.gradle.internal.remote.internal.inet.InetAddresses] Adding IP addresses for network interface ASIX AX88179A USB 3.2 Gen1 to Gigabit Ethernet Adapter
2024-12-02T01:57:09.217+0700 [DEBUG] [org.gradle.internal.remote.internal.inet.InetAddresses] Is this a loopback interface? false
2024-12-02T01:57:09.218+0700 [DEBUG] [org.gradle.internal.remote.internal.inet.InetAddresses] Adding IP addresses for network interface VirtualBox Host-Only Ethernet Adapter
2024-12-02T01:57:09.220+0700 [DEBUG] [org.gradle.internal.remote.internal.inet.InetAddresses] Is this a loopback interface? false
2024-12-02T01:57:09.220+0700 [DEBUG] [org.gradle.internal.remote.internal.inet.InetAddresses] Adding remote address /192.168.56.1
2024-12-02T01:57:09.220+0700 [DEBUG] [org.gradle.internal.remote.internal.inet.InetAddresses] Adding remote address /fe80:0:0:0:3e5b:f4d4:85bd:9f56%eth1
2024-12-02T01:57:09.220+0700 [DEBUG] [org.gradle.internal.remote.internal.inet.InetAddresses] Adding IP addresses for network interface Microsoft IP-HTTPS Platform Adapter
2024-12-02T01:57:09.223+0700 [DEBUG] [org.gradle.internal.remote.internal.inet.InetAddresses] Is this a loopback interface? false
2024-12-02T01:57:09.223+0700 [DEBUG] [org.gradle.internal.remote.internal.inet.InetAddresses] Adding IP addresses for network interface Bluetooth Device (Personal Area Network)
2024-12-02T01:57:09.225+0700 [DEBUG] [org.gradle.internal.remote.internal.inet.InetAddresses] Is this a loopback interface? false
2024-12-02T01:57:09.226+0700 [DEBUG] [org.gradle.internal.remote.internal.inet.InetAddresses] Adding IP addresses for network interface WAN Miniport (PPTP)
2024-12-02T01:57:09.227+0700 [DEBUG] [org.gradle.internal.remote.internal.inet.InetAddresses] Is this a loopback interface? false
2024-12-02T01:57:09.228+0700 [DEBUG] [org.gradle.internal.remote.internal.inet.InetAddresses] Adding IP addresses for network interface Microsoft Wi-Fi Direct Virtual Adapter #3
2024-12-02T01:57:09.229+0700 [DEBUG] [org.gradle.internal.remote.internal.inet.InetAddresses] Is this a loopback interface? false
2024-12-02T01:57:09.229+0700 [DEBUG] [org.gradle.internal.remote.internal.inet.InetAddresses] Adding remote address /fe80:0:0:0:b278:c9a4:fc34:390e%wlan1
2024-12-02T01:57:09.230+0700 [DEBUG] [org.gradle.internal.remote.internal.inet.InetAddresses] Adding IP addresses for network interface Realtek USB GbE Family Controller
2024-12-02T01:57:09.231+0700 [DEBUG] [org.gradle.internal.remote.internal.inet.InetAddresses] Is this a loopback interface? false
2024-12-02T01:57:09.231+0700 [DEBUG] [org.gradle.internal.remote.internal.inet.InetAddresses] Adding IP addresses for network interface Realtek USB GbE Family Controller #2
2024-12-02T01:57:09.233+0700 [DEBUG] [org.gradle.internal.remote.internal.inet.InetAddresses] Is this a loopback interface? false
2024-12-02T01:57:09.234+0700 [DEBUG] [org.gradle.internal.remote.internal.inet.InetAddresses] Adding IP addresses for network interface WAN Miniport (IKEv2)
2024-12-02T01:57:09.236+0700 [DEBUG] [org.gradle.internal.remote.internal.inet.InetAddresses] Is this a loopback interface? false
2024-12-02T01:57:09.236+0700 [DEBUG] [org.gradle.internal.remote.internal.inet.InetAddresses] Adding IP addresses for network interface ASIX AX88179 USB 3.0 to Gigabit Ethernet Adapter
2024-12-02T01:57:09.238+0700 [DEBUG] [org.gradle.internal.remote.internal.inet.InetAddresses] Is this a loopback interface? false
2024-12-02T01:57:09.238+0700 [DEBUG] [org.gradle.internal.remote.internal.inet.InetAddresses] Adding IP addresses for network interface Remote NDIS based Internet Sharing Device
2024-12-02T01:57:09.239+0700 [DEBUG] [org.gradle.internal.remote.internal.inet.InetAddresses] Is this a loopback interface? false
2024-12-02T01:57:09.240+0700 [DEBUG] [org.gradle.internal.remote.internal.inet.InetAddresses] Adding IP addresses for network interface ASIX USB to Gigabit Ethernet Family Adapter
2024-12-02T01:57:09.241+0700 [DEBUG] [org.gradle.internal.remote.internal.inet.InetAddresses] Is this a loopback interface? false
2024-12-02T01:57:09.241+0700 [DEBUG] [org.gradle.internal.remote.internal.inet.InetAddresses] Adding IP addresses for network interface Microsoft Teredo Tunneling Adapter
2024-12-02T01:57:09.243+0700 [DEBUG] [org.gradle.internal.remote.internal.inet.InetAddresses] Is this a loopback interface? false
2024-12-02T01:57:09.244+0700 [DEBUG] [org.gradle.internal.remote.internal.inet.InetAddresses] Adding IP addresses for network interface WAN Miniport (Network Monitor)
2024-12-02T01:57:09.246+0700 [DEBUG] [org.gradle.internal.remote.internal.inet.InetAddresses] Is this a loopback interface? false
2024-12-02T01:57:09.247+0700 [DEBUG] [org.gradle.internal.remote.internal.inet.InetAddresses] Adding IP addresses for network interface Microsoft Kernel Debug Network Adapter
2024-12-02T01:57:09.249+0700 [DEBUG] [org.gradle.internal.remote.internal.inet.InetAddresses] Is this a loopback interface? false
2024-12-02T01:57:09.250+0700 [DEBUG] [org.gradle.internal.remote.internal.inet.InetAddresses] Adding IP addresses for network interface WAN Miniport (IP)
2024-12-02T01:57:09.252+0700 [DEBUG] [org.gradle.internal.remote.internal.inet.InetAddresses] Is this a loopback interface? false
2024-12-02T01:57:09.252+0700 [DEBUG] [org.gradle.internal.remote.internal.inet.InetAddresses] Adding IP addresses for network interface Microsoft Wi-Fi Direct Virtual Adapter #2
2024-12-02T01:57:09.255+0700 [DEBUG] [org.gradle.internal.remote.internal.inet.InetAddresses] Is this a loopback interface? false
2024-12-02T01:57:09.255+0700 [DEBUG] [org.gradle.internal.remote.internal.inet.InetAddresses] Adding IP addresses for network interface Intel(R) Wi-Fi 6 AX201 160MHz
2024-12-02T01:57:09.258+0700 [DEBUG] [org.gradle.internal.remote.internal.inet.InetAddresses] Is this a loopback interface? false
2024-12-02T01:57:09.258+0700 [DEBUG] [org.gradle.internal.remote.internal.inet.InetAddresses] Adding remote address /192.168.1.6
2024-12-02T01:57:09.258+0700 [DEBUG] [org.gradle.internal.remote.internal.inet.InetAddresses] Adding remote address /2001:448a:1108:1d80:ec4:dcf1:6bb3:1fc4
2024-12-02T01:57:09.259+0700 [DEBUG] [org.gradle.internal.remote.internal.inet.InetAddresses] Adding remote address /2001:448a:1108:1d80:c058:b010:6176:37ce
2024-12-02T01:57:09.259+0700 [DEBUG] [org.gradle.internal.remote.internal.inet.InetAddresses] Adding remote address /fe80:0:0:0:dc52:66ce:af0a:8ce2%wlan3
2024-12-02T01:57:09.259+0700 [DEBUG] [org.gradle.internal.remote.internal.inet.InetAddresses] Adding IP addresses for network interface WAN Miniport (PPPOE)
2024-12-02T01:57:09.261+0700 [DEBUG] [org.gradle.internal.remote.internal.inet.InetAddresses] Is this a loopback interface? false
2024-12-02T01:57:09.262+0700 [DEBUG] [org.gradle.internal.remote.internal.inet.InetAddresses] Adding IP addresses for network interface WAN Miniport (IPv6)
2024-12-02T01:57:09.264+0700 [DEBUG] [org.gradle.internal.remote.internal.inet.InetAddresses] Is this a loopback interface? false
2024-12-02T01:57:09.264+0700 [DEBUG] [org.gradle.internal.remote.internal.inet.InetAddresses] Adding IP addresses for network interface WAN Miniport (SSTP)
2024-12-02T01:57:09.266+0700 [DEBUG] [org.gradle.internal.remote.internal.inet.InetAddresses] Is this a loopback interface? false
2024-12-02T01:57:09.267+0700 [DEBUG] [org.gradle.internal.remote.internal.inet.InetAddresses] Adding IP addresses for network interface Realtek USB GbE Family Controller #3
2024-12-02T01:57:09.269+0700 [DEBUG] [org.gradle.internal.remote.internal.inet.InetAddresses] Is this a loopback interface? false
2024-12-02T01:57:09.269+0700 [DEBUG] [org.gradle.internal.remote.internal.inet.InetAddresses] Adding IP addresses for network interface VirtualBox Host-Only Ethernet Adapter-WFP Native MAC Layer LightWeight Filter-0000
2024-12-02T01:57:09.272+0700 [DEBUG] [org.gradle.internal.remote.internal.inet.InetAddresses] Is this a loopback interface? false
2024-12-02T01:57:09.272+0700 [DEBUG] [org.gradle.internal.remote.internal.inet.InetAddresses] Adding IP addresses for network interface VirtualBox Host-Only Ethernet Adapter-QoS Packet Scheduler-0000
2024-12-02T01:57:09.275+0700 [DEBUG] [org.gradle.internal.remote.internal.inet.InetAddresses] Is this a loopback interface? false
2024-12-02T01:57:09.275+0700 [DEBUG] [org.gradle.internal.remote.internal.inet.InetAddresses] Adding IP addresses for network interface VirtualBox Host-Only Ethernet Adapter-WFP 802.3 MAC Layer LightWeight Filter-0000
2024-12-02T01:57:09.277+0700 [DEBUG] [org.gradle.internal.remote.internal.inet.InetAddresses] Is this a loopback interface? false
2024-12-02T01:57:09.277+0700 [DEBUG] [org.gradle.internal.remote.internal.inet.InetAddresses] Adding IP addresses for network interface Intel(R) Wi-Fi 6 AX201 160MHz-WFP Native MAC Layer LightWeight Filter-0000
2024-12-02T01:57:09.280+0700 [DEBUG] [org.gradle.internal.remote.internal.inet.InetAddresses] Is this a loopback interface? false
2024-12-02T01:57:09.280+0700 [DEBUG] [org.gradle.internal.remote.internal.inet.InetAddresses] Adding IP addresses for network interface Intel(R) Wi-Fi 6 AX201 160MHz-Virtual WiFi Filter Driver-0000
2024-12-02T01:57:09.282+0700 [DEBUG] [org.gradle.internal.remote.internal.inet.InetAddresses] Is this a loopback interface? false
2024-12-02T01:57:09.282+0700 [DEBUG] [org.gradle.internal.remote.internal.inet.InetAddresses] Adding IP addresses for network interface Intel(R) Wi-Fi 6 AX201 160MHz-Native WiFi Filter Driver-0000
2024-12-02T01:57:09.284+0700 [DEBUG] [org.gradle.internal.remote.internal.inet.InetAddresses] Is this a loopback interface? false
2024-12-02T01:57:09.284+0700 [DEBUG] [org.gradle.internal.remote.internal.inet.InetAddresses] Adding IP addresses for network interface Intel(R) Wi-Fi 6 AX201 160MHz-VirtualBox NDIS Light-Weight Filter-0000
2024-12-02T01:57:09.286+0700 [DEBUG] [org.gradle.internal.remote.internal.inet.InetAddresses] Is this a loopback interface? false
2024-12-02T01:57:09.286+0700 [DEBUG] [org.gradle.internal.remote.internal.inet.InetAddresses] Adding IP addresses for network interface Intel(R) Wi-Fi 6 AX201 160MHz-QoS Packet Scheduler-0000
2024-12-02T01:57:09.288+0700 [DEBUG] [org.gradle.internal.remote.internal.inet.InetAddresses] Is this a loopback interface? false
2024-12-02T01:57:09.288+0700 [DEBUG] [org.gradle.internal.remote.internal.inet.InetAddresses] Adding IP addresses for network interface Intel(R) Wi-Fi 6 AX201 160MHz-WFP 802.3 MAC Layer LightWeight Filter-0000
2024-12-02T01:57:09.291+0700 [DEBUG] [org.gradle.internal.remote.internal.inet.InetAddresses] Is this a loopback interface? false
2024-12-02T01:57:09.291+0700 [DEBUG] [org.gradle.internal.remote.internal.inet.InetAddresses] Adding IP addresses for network interface Microsoft Wi-Fi Direct Virtual Adapter #3-WFP Native MAC Layer LightWeight Filter-0000
2024-12-02T01:57:09.293+0700 [DEBUG] [org.gradle.internal.remote.internal.inet.InetAddresses] Is this a loopback interface? false
2024-12-02T01:57:09.294+0700 [DEBUG] [org.gradle.internal.remote.internal.inet.InetAddresses] Adding IP addresses for network interface Microsoft Wi-Fi Direct Virtual Adapter #3-Native WiFi Filter Driver-0000
2024-12-02T01:57:09.295+0700 [DEBUG] [org.gradle.internal.remote.internal.inet.InetAddresses] Is this a loopback interface? false
2024-12-02T01:57:09.296+0700 [DEBUG] [org.gradle.internal.remote.internal.inet.InetAddresses] Adding IP addresses for network interface Microsoft Wi-Fi Direct Virtual Adapter #3-VirtualBox NDIS Light-Weight Filter-0000
2024-12-02T01:57:09.299+0700 [DEBUG] [org.gradle.internal.remote.internal.inet.InetAddresses] Is this a loopback interface? false
2024-12-02T01:57:09.299+0700 [DEBUG] [org.gradle.internal.remote.internal.inet.InetAddresses] Adding IP addresses for network interface Microsoft Wi-Fi Direct Virtual Adapter #3-QoS Packet Scheduler-0000
2024-12-02T01:57:09.301+0700 [DEBUG] [org.gradle.internal.remote.internal.inet.InetAddresses] Is this a loopback interface? false
2024-12-02T01:57:09.301+0700 [DEBUG] [org.gradle.internal.remote.internal.inet.InetAddresses] Adding IP addresses for network interface Microsoft Wi-Fi Direct Virtual Adapter #3-WFP 802.3 MAC Layer LightWeight Filter-0000
2024-12-02T01:57:09.304+0700 [DEBUG] [org.gradle.internal.remote.internal.inet.InetAddresses] Is this a loopback interface? false
2024-12-02T01:57:09.305+0700 [DEBUG] [org.gradle.internal.remote.internal.inet.InetAddresses] Adding IP addresses for network interface WAN Miniport (IP)-WFP Native MAC Layer LightWeight Filter-0000
2024-12-02T01:57:09.308+0700 [DEBUG] [org.gradle.internal.remote.internal.inet.InetAddresses] Is this a loopback interface? false
2024-12-02T01:57:09.308+0700 [DEBUG] [org.gradle.internal.remote.internal.inet.InetAddresses] Adding IP addresses for network interface WAN Miniport (IP)-QoS Packet Scheduler-0000
2024-12-02T01:57:09.309+0700 [DEBUG] [org.gradle.internal.remote.internal.inet.InetAddresses] Is this a loopback interface? false
2024-12-02T01:57:09.309+0700 [DEBUG] [org.gradle.internal.remote.internal.inet.InetAddresses] Adding IP addresses for network interface WAN Miniport (IPv6)-WFP Native MAC Layer LightWeight Filter-0000
2024-12-02T01:57:09.311+0700 [DEBUG] [org.gradle.internal.remote.internal.inet.InetAddresses] Is this a loopback interface? false
2024-12-02T01:57:09.311+0700 [DEBUG] [org.gradle.internal.remote.internal.inet.InetAddresses] Adding IP addresses for network interface WAN Miniport (IPv6)-QoS Packet Scheduler-0000
2024-12-02T01:57:09.313+0700 [DEBUG] [org.gradle.internal.remote.internal.inet.InetAddresses] Is this a loopback interface? false
2024-12-02T01:57:09.313+0700 [DEBUG] [org.gradle.internal.remote.internal.inet.InetAddresses] Adding IP addresses for network interface WAN Miniport (Network Monitor)-WFP Native MAC Layer LightWeight Filter-0000
2024-12-02T01:57:09.315+0700 [DEBUG] [org.gradle.internal.remote.internal.inet.InetAddresses] Is this a loopback interface? false
2024-12-02T01:57:09.315+0700 [DEBUG] [org.gradle.internal.remote.internal.inet.InetAddresses] Adding IP addresses for network interface WAN Miniport (Network Monitor)-QoS Packet Scheduler-0000
2024-12-02T01:57:09.318+0700 [DEBUG] [org.gradle.internal.remote.internal.inet.InetAddresses] Is this a loopback interface? false
2024-12-02T01:57:09.318+0700 [DEBUG] [org.gradle.internal.remote.internal.inet.InetAddresses] Adding IP addresses for network interface Microsoft Wi-Fi Direct Virtual Adapter-WFP Native MAC Layer LightWeight Filter-0000
2024-12-02T01:57:09.320+0700 [DEBUG] [org.gradle.internal.remote.internal.inet.InetAddresses] Is this a loopback interface? false
2024-12-02T01:57:09.320+0700 [DEBUG] [org.gradle.internal.remote.internal.inet.InetAddresses] Adding IP addresses for network interface Microsoft Wi-Fi Direct Virtual Adapter-Native WiFi Filter Driver-0000
2024-12-02T01:57:09.322+0700 [DEBUG] [org.gradle.internal.remote.internal.inet.InetAddresses] Is this a loopback interface? false
2024-12-02T01:57:09.322+0700 [DEBUG] [org.gradle.internal.remote.internal.inet.InetAddresses] Adding IP addresses for network interface Microsoft Wi-Fi Direct Virtual Adapter-VirtualBox NDIS Light-Weight Filter-0000
2024-12-02T01:57:09.325+0700 [DEBUG] [org.gradle.internal.remote.internal.inet.InetAddresses] Is this a loopback interface? false
2024-12-02T01:57:09.326+0700 [DEBUG] [org.gradle.internal.remote.internal.inet.InetAddresses] Adding IP addresses for network interface Microsoft Wi-Fi Direct Virtual Adapter-QoS Packet Scheduler-0000
2024-12-02T01:57:09.328+0700 [DEBUG] [org.gradle.internal.remote.internal.inet.InetAddresses] Is this a loopback interface? false
2024-12-02T01:57:09.329+0700 [DEBUG] [org.gradle.internal.remote.internal.inet.InetAddresses] Adding IP addresses for network interface Microsoft Wi-Fi Direct Virtual Adapter-WFP 802.3 MAC Layer LightWeight Filter-0000
2024-12-02T01:57:09.331+0700 [DEBUG] [org.gradle.internal.remote.internal.inet.InetAddresses] Is this a loopback interface? false
2024-12-02T01:57:09.339+0700 [DEBUG] [org.gradle.internal.remote.internal.inet.TcpIncomingConnector] Listening on [b2836edc-d4cd-49cd-bc51-561db073f51c port:55591, addresses:[localhost/127.0.0.1]].
2024-12-02T01:57:09.359+0700 [DEBUG] [org.gradle.launcher.daemon.server.Daemon] Daemon starting at: Mon Dec 02 01:57:09 WIB 2024, with address: [b2836edc-d4cd-49cd-bc51-561db073f51c port:55591, addresses:[localhost/127.0.0.1]]
2024-12-02T01:57:09.360+0700 [INFO] [org.gradle.launcher.daemon.server.DaemonRegistryUpdater] Advertising the daemon address to the clients: [b2836edc-d4cd-49cd-bc51-561db073f51c port:55591, addresses:[localhost/127.0.0.1]]
2024-12-02T01:57:09.360+0700 [DEBUG] [org.gradle.launcher.daemon.server.DaemonRegistryUpdater] Advertised daemon context: DefaultDaemonContext[uid=2fbbc868-7bf5-49ca-8f69-83f310a152cc,javaHome=C:\Program Files\Android\Android Studio\jbr,daemonRegistryDir=C:\Users\user\StudioProjects\TestApp\daemon,pid=11284,idleTimeout=10800000,priority=NORMAL,applyInstrumentationAgent=true,daemonOpts=--add-opens=java.base/java.util=ALL-UNNAMED,--add-opens=java.base/java.lang=ALL-UNNAMED,--add-opens=java.base/java.lang.invoke=ALL-UNNAMED,--add-opens=java.prefs/java.util.prefs=ALL-UNNAMED,--add-opens=java.base/java.nio.charset=ALL-UNNAMED,--add-opens=java.base/java.net=ALL-UNNAMED,--add-opens=java.base/java.util.concurrent.atomic=ALL-UNNAMED,-Xmx2048m,-Dfile.encoding=UTF-8,-Duser.country=ID,-Duser.language=en,-Duser.variant]
2024-12-02T01:57:09.361+0700 [DEBUG] [org.gradle.launcher.daemon.registry.PersistentDaemonRegistry] Storing daemon address: [b2836edc-d4cd-49cd-bc51-561db073f51c port:55591, addresses:[localhost/127.0.0.1]], context: DefaultDaemonContext[uid=2fbbc868-7bf5-49ca-8f69-83f310a152cc,javaHome=C:\Program Files\Android\Android Studio\jbr,daemonRegistryDir=C:\Users\user\StudioProjects\TestApp\daemon,pid=11284,idleTimeout=10800000,priority=NORMAL,applyInstrumentationAgent=true,daemonOpts=--add-opens=java.base/java.util=ALL-UNNAMED,--add-opens=java.base/java.lang=ALL-UNNAMED,--add-opens=java.base/java.lang.invoke=ALL-UNNAMED,--add-opens=java.prefs/java.util.prefs=ALL-UNNAMED,--add-opens=java.base/java.nio.charset=ALL-UNNAMED,--add-opens=java.base/java.net=ALL-UNNAMED,--add-opens=java.base/java.util.concurrent.atomic=ALL-UNNAMED,-Xmx2048m,-Dfile.encoding=UTF-8,-Duser.country=ID,-Duser.language=en,-Duser.variant]
2024-12-02T01:57:09.378+0700 [DEBUG] [org.gradle.cache.internal.DefaultFileLockManager] Waiting to acquire exclusive lock on daemon addresses registry.
2024-12-02T01:57:09.384+0700 [DEBUG] [org.gradle.cache.internal.DefaultFileLockManager] Lock acquired on daemon addresses registry.
2024-12-02T01:57:09.391+0700 [DEBUG] [org.gradle.cache.internal.DefaultFileLockManager] Releasing lock on daemon addresses registry.
2024-12-02T01:57:09.391+0700 [LIFECYCLE] [org.gradle.launcher.daemon.server.Daemon] Daemon server started.
2024-12-02T01:57:09.393+0700 [DEBUG] [org.gradle.launcher.daemon.bootstrap.DaemonStartupCommunication] Completed writing the daemon greeting. Closing streams...
2024-12-02T01:57:09.399+0700 [DEBUG] [org.gradle.launcher.daemon.server.Daemon] stopOnExpiration() called on daemon
2024-12-02T01:57:09.407+0700 [DEBUG] [org.gradle.internal.remote.internal.inet.TcpIncomingConnector] Accepted connection from /127.0.0.1:55592 to /127.0.0.1:55591.
2024-12-02T01:57:09.408+0700 [DEBUG] [org.gradle.launcher.daemon.server.Daemon] awaitExpiration() called on daemon
2024-12-02T01:57:09.410+0700 [DEBUG] [org.gradle.launcher.daemon.server.DaemonStateCoordinator] daemon is running. Sleeping until state changes.
2024-12-02T01:57:09.486+0700 [DEBUG] [org.gradle.launcher.daemon.server.SynchronizedDispatchConnection] thread 22: received class org.gradle.launcher.daemon.protocol.Build
2024-12-02T01:57:09.486+0700 [DEBUG] [org.gradle.launcher.daemon.server.DefaultDaemonConnection] thread 22: Received non-IO message from client: Build{id=f21ff6fc-fc8a-4335-baf1-67b3bdab3d4e, currentDir=C:\Users\user\StudioProjects\AplikasiCoffeeShop}
2024-12-02T01:57:09.486+0700 [INFO] [org.gradle.launcher.daemon.server.DefaultIncomingConnectionHandler] Received command: Build{id=f21ff6fc-fc8a-4335-baf1-67b3bdab3d4e, currentDir=C:\Users\user\StudioProjects\AplikasiCoffeeShop}.
2024-12-02T01:57:09.486+0700 [DEBUG] [org.gradle.launcher.daemon.server.DefaultIncomingConnectionHandler] Starting executing command: Build{id=f21ff6fc-fc8a-4335-baf1-67b3bdab3d4e, currentDir=C:\Users\user\StudioProjects\AplikasiCoffeeShop} with connection: socket connection from /127.0.0.1:55591 to /127.0.0.1:55592.
2024-12-02T01:57:09.489+0700 [DEBUG] [org.gradle.launcher.daemon.server.DaemonStateCoordinator] Command execution: started DaemonCommandExecution[command = Build{id=f21ff6fc-fc8a-4335-baf1-67b3bdab3d4e, currentDir=C:\Users\user\StudioProjects\AplikasiCoffeeShop}, connection = DefaultDaemonConnection: socket connection from /127.0.0.1:55591 to /127.0.0.1:55592] after 0.0 minutes of idle
2024-12-02T01:57:09.489+0700 [INFO] [org.gradle.launcher.daemon.server.DaemonRegistryUpdater] Marking the daemon as busy, address: [b2836edc-d4cd-49cd-bc51-561db073f51c port:55591, addresses:[localhost/127.0.0.1]]
2024-12-02T01:57:09.490+0700 [DEBUG] [org.gradle.launcher.daemon.registry.PersistentDaemonRegistry] Marking busy by address: [b2836edc-d4cd-49cd-bc51-561db073f51c port:55591, addresses:[localhost/127.0.0.1]]
2024-12-02T01:57:09.492+0700 [DEBUG] [org.gradle.cache.internal.DefaultFileLockManager] Waiting to acquire exclusive lock on daemon addresses registry.
2024-12-02T01:57:09.493+0700 [DEBUG] [org.gradle.cache.internal.DefaultFileLockManager] Lock acquired on daemon addresses registry.
2024-12-02T01:57:09.495+0700 [DEBUG] [org.gradle.cache.internal.DefaultFileLockManager] Releasing lock on daemon addresses registry.
2024-12-02T01:57:09.495+0700 [DEBUG] [org.gradle.launcher.daemon.server.DaemonStateCoordinator] resetting idle timer
2024-12-02T01:57:09.496+0700 [DEBUG] [org.gradle.launcher.daemon.server.DaemonStateCoordinator] daemon is running. Sleeping until state changes.
2024-12-02T01:57:09.497+0700 [INFO] [org.gradle.launcher.daemon.server.exec.StartBuildOrRespondWithBusy] Daemon is about to start building Build{id=f21ff6fc-fc8a-4335-baf1-67b3bdab3d4e, currentDir=C:\Users\user\StudioProjects\AplikasiCoffeeShop}. Dispatching build started information...
2024-12-02T01:57:09.497+0700 [DEBUG] [org.gradle.launcher.daemon.server.SynchronizedDispatchConnection] thread 24: dispatching org.gradle.launcher.daemon.protocol.BuildStarted@712f14f6
2024-12-02T01:57:09.499+0700 [DEBUG] [org.gradle.launcher.daemon.server.exec.EstablishBuildEnvironment] Configuring env variables: [USERDOMAIN_ROAMINGPROFILE, LOCALAPPDATA, PROCESSOR_LEVEL, USERDOMAIN, LOGONSERVER, JAVA_HOME, SESSIONNAME, ALLUSERSPROFILE, PROCESSOR_ARCHITECTURE, PSModulePath, SystemDrive, OneDrive, QT_DEVICE_PIXEL_RATIO, APPDATA, USERNAME, ProgramFiles(x86), VBOX_MSI_INSTALL_PATH, CommonProgramFiles, PT7HOME, Path, PATHEXT, DriverData, OS, OneDriveConsumer, COMPUTERNAME, PROCESSOR_REVISION, CommonProgramW6432, ComSpec, ProgramData, ProgramW6432, __PSLockDownPolicy, TEMP, HOMEPATH, SystemRoot, PROCESSOR_IDENTIFIER, HOMEDRIVE, USERPROFILE, TMP, CommonProgramFiles(x86), ProgramFiles, PUBLIC, EFC_8076, windir, NUMBER_OF_PROCESSORS, =::, IDEA_INITIAL_DIRECTORY, ZES_ENABLE_SYSMAN]
2024-12-02T01:57:09.502+0700 [DEBUG] [org.gradle.launcher.daemon.server.SynchronizedDispatchConnection] thread 22: received class org.gradle.launcher.daemon.protocol.CloseInput
2024-12-02T01:57:09.502+0700 [DEBUG] [org.gradle.launcher.daemon.server.DefaultDaemonConnection] thread 22: Received IO message from client: org.gradle.launcher.daemon.protocol.CloseInput@20b0bc46
2024-12-02T01:57:09.507+0700 [DEBUG] [org.gradle.launcher.daemon.server.exec.LogToClient] About to start relaying all logs to the client via the connection.
2024-12-02T01:57:09.508+0700 [INFO] [org.gradle.launcher.daemon.server.exec.LogToClient] The client will now receive all logging from the daemon (pid: 11284). The daemon log file: C:\Users\user\StudioProjects\TestApp\daemon\8.7\daemon-11284.out.log
2024-12-02T01:57:09.511+0700 [INFO] [org.gradle.launcher.daemon.server.exec.LogAndCheckHealth] Starting build in new daemon [memory: 2 GiB]
2024-12-02T01:57:09.513+0700 [INFO] [org.gradle.launcher.daemon.server.exec.ForwardClientInput] Closing daemon's stdin at end of input.
2024-12-02T01:57:09.513+0700 [INFO] [org.gradle.launcher.daemon.server.exec.ForwardClientInput] The daemon will no longer process any standard input.
2024-12-02T01:57:09.514+0700 [DEBUG] [org.gradle.launcher.daemon.server.exec.ExecuteBuild] The daemon has started executing the build.
2024-12-02T01:57:09.514+0700 [DEBUG] [org.gradle.launcher.daemon.server.exec.ExecuteBuild] Executing build with daemon context: DefaultDaemonContext[uid=2fbbc868-7bf5-49ca-8f69-83f310a152cc,javaHome=C:\Program Files\Android\Android Studio\jbr,daemonRegistryDir=C:\Users\user\StudioProjects\TestApp\daemon,pid=11284,idleTimeout=10800000,priority=NORMAL,applyInstrumentationAgent=true,daemonOpts=--add-opens=java.base/java.util=ALL-UNNAMED,--add-opens=java.base/java.lang=ALL-UNNAMED,--add-opens=java.base/java.lang.invoke=ALL-UNNAMED,--add-opens=java.prefs/java.util.prefs=ALL-UNNAMED,--add-opens=java.base/java.nio.charset=ALL-UNNAMED,--add-opens=java.base/java.net=ALL-UNNAMED,--add-opens=java.base/java.util.concurrent.atomic=ALL-UNNAMED,-Xmx2048m,-Dfile.encoding=UTF-8,-Duser.country=ID,-Duser.language=en,-Duser.variant]
w: file:///C:/Users/user/StudioProjects/AplikasiCoffeeShop/app/src/main/java/com/example/aplikasicoffeeshop/MainActivity.kt:29:30 'setOnNavigationItemSelectedListener(BottomNavigationView.OnNavigationItemSelectedListener?): Unit' is deprecated. Deprecated in Java
w: file:///C:/Users/user/StudioProjects/AplikasiCoffeeShop/app/src/main/java/com/example/aplikasicoffeeshop/TambahTransaksiActivity.kt:107:17 Variable 'productPriceTextView' is never used

Deprecated Gradle features were used in this build, making it incompatible with Gradle 9.0.

You can use '--warning-mode all' to show the individual deprecation warnings and determine if they come from your own scripts or plugins.

For more on this, please refer to https://docs.gradle.org/8.7/userguide/command_line_interface.html#sec:command_line_warnings in the Gradle documentation.

BUILD SUCCESSFUL in 35s
32 actionable tasks: 10 executed, 22 up-to-date
2024-12-02T01:57:42.257+0700 [DEBUG] [org.gradle.launcher.daemon.server.exec.ExecuteBuild] The daemon has finished executing the build.
2024-12-02T01:57:42.274+0700 [DEBUG] [org.gradle.launcher.daemon.server.DaemonStateCoordinator] daemon is running. Sleeping until state changes.
2024-12-02T01:57:42.274+0700 [DEBUG] [org.gradle.launcher.daemon.server.DaemonStateCoordinator] Command execution: finished waiting for DaemonCommandExecution[command = Build{id=f21ff6fc-fc8a-4335-baf1-67b3bdab3d4e, currentDir=C:\Users\user\StudioProjects\AplikasiCoffeeShop}, connection = DefaultDaemonConnection: socket connection from /127.0.0.1:55591 to /127.0.0.1:55592]. Result org.gradle.launcher.daemon.server.DaemonStateCoordinator@49e79b4a with state Busy
2024-12-02T01:57:42.274+0700 [DEBUG] [org.gradle.launcher.daemon.server.DaemonStateCoordinator] Command execution: completed DaemonCommandExecution[command = Build{id=f21ff6fc-fc8a-4335-baf1-67b3bdab3d4e, currentDir=C:\Users\user\StudioProjects\AplikasiCoffeeShop}, connection = DefaultDaemonConnection: socket connection from /127.0.0.1:55591 to /127.0.0.1:55592]
2024-12-02T01:57:42.274+0700 [DEBUG] [org.gradle.launcher.daemon.server.DaemonStateCoordinator] resetting idle timer
2024-12-02T01:57:42.274+0700 [INFO] [org.gradle.launcher.daemon.server.DaemonRegistryUpdater] Marking the daemon as idle, address: [b2836edc-d4cd-49cd-bc51-561db073f51c port:55591, addresses:[localhost/127.0.0.1]]
2024-12-02T01:57:42.274+0700 [DEBUG] [org.gradle.launcher.daemon.registry.PersistentDaemonRegistry] Marking busy by address: [b2836edc-d4cd-49cd-bc51-561db073f51c port:55591, addresses:[localhost/127.0.0.1]]
2024-12-02T01:57:42.275+0700 [DEBUG] [org.gradle.cache.internal.DefaultFileLockManager] Waiting to acquire exclusive lock on daemon addresses registry.
2024-12-02T01:57:42.276+0700 [DEBUG] [org.gradle.cache.internal.DefaultFileLockManager] Lock acquired on daemon addresses registry.
2024-12-02T01:57:42.277+0700 [DEBUG] [org.gradle.cache.internal.DefaultFileLockManager] Releasing lock on daemon addresses registry.
2024-12-02T01:57:42.278+0700 [DEBUG] [org.gradle.launcher.daemon.server.exec.ReturnResult] Daemon is dispatching the build result: Success[value=org.gradle.launcher.exec.BuildActionResult@a76aee5]
2024-12-02T01:57:42.278+0700 [DEBUG] [org.gradle.launcher.daemon.server.DaemonStateCoordinator] daemon is running. Sleeping until state changes.
2024-12-02T01:57:42.278+0700 [DEBUG] [org.gradle.launcher.daemon.server.SynchronizedDispatchConnection] thread 21: dispatching Success[value=org.gradle.launcher.exec.BuildActionResult@a76aee5]
2024-12-02T01:57:42.280+0700 [DEBUG] [org.gradle.launcher.daemon.server.exec.CleanUpVirtualFileSystemAfterBuild] Cleaning virtual file system after build finished
2024-12-02T01:57:42.280+0700 [DEBUG] [org.gradle.launcher.daemon.server.DefaultIncomingConnectionHandler] Finishing executing command: Build{id=f21ff6fc-fc8a-4335-baf1-67b3bdab3d4e, currentDir=C:\Users\user\StudioProjects\AplikasiCoffeeShop}
2024-12-02T01:57:42.283+0700 [DEBUG] [org.gradle.launcher.daemon.server.SynchronizedDispatchConnection] thread 22: received class org.gradle.launcher.daemon.protocol.Finished
2024-12-02T01:57:42.284+0700 [DEBUG] [org.gradle.launcher.daemon.server.DefaultDaemonConnection] thread 22: Received non-IO message from client: org.gradle.launcher.daemon.protocol.Finished@3ee31387
2024-12-02T01:57:42.284+0700 [DEBUG] [org.gradle.launcher.daemon.server.DefaultIncomingConnectionHandler] Received finished message: org.gradle.launcher.daemon.protocol.Finished@3ee31387
2024-12-02T01:57:42.284+0700 [DEBUG] [org.gradle.launcher.daemon.server.SynchronizedDispatchConnection] thread 21: stopping connection
2024-12-02T01:57:42.285+0700 [DEBUG] [org.gradle.internal.remote.internal.inet.SocketConnection] Discarding EOFException: java.io.EOFException
2024-12-02T01:57:42.285+0700 [DEBUG] [org.gradle.launcher.daemon.server.SynchronizedDispatchConnection] thread 22: received null
2024-12-02T01:57:42.285+0700 [DEBUG] [org.gradle.launcher.daemon.server.DefaultDaemonConnection] thread 22: Received end-of-input from client.
2024-12-02T01:57:42.285+0700 [DEBUG] [org.gradle.launcher.daemon.server.SynchronizedDispatchConnection] thread 21: stopping connection
2024-12-02T01:57:46.745+0700 [DEBUG] [org.gradle.process.internal.health.memory.DefaultMemoryManager] 1696523059 physical memory requested, 264409088 free
2024-12-02T01:57:46.745+0700 [DEBUG] [org.gradle.workers.internal.WorkerDaemonExpiration] Will attempt to release 1617 of memory
2024-12-02T01:57:46.745+0700 [DEBUG] [org.gradle.process.internal.health.memory.DefaultMemoryManager] 1696523059 physical memory requested, 0 released, 264409088 free
2024-12-02T01:57:49.413+0700 [DEBUG] [org.gradle.cache.internal.DefaultFileLockManager] Waiting to acquire shared lock on daemon addresses registry.
2024-12-02T01:57:49.414+0700 [DEBUG] [org.gradle.cache.internal.DefaultFileLockManager] Lock acquired on daemon addresses registry.
2024-12-02T01:57:49.414+0700 [DEBUG] [org.gradle.cache.internal.DefaultFileLockManager] Releasing lock on daemon addresses registry.
2024-12-02T01:57:49.416+0700 [DEBUG] [org.gradle.cache.internal.DefaultFileLockManager] Waiting to acquire shared lock on daemon addresses registry.
2024-12-02T01:57:49.416+0700 [DEBUG] [org.gradle.cache.internal.DefaultFileLockManager] Lock acquired on daemon addresses registry.
2024-12-02T01:57:49.416+0700 [DEBUG] [org.gradle.cache.internal.DefaultFileLockManager] Releasing lock on daemon addresses registry.
2024-12-02T01:57:51.744+0700 [DEBUG] [org.gradle.process.internal.health.memory.DefaultMemoryManager] 1696523059 physical memory requested, 237965312 free
2024-12-02T01:57:51.745+0700 [DEBUG] [org.gradle.workers.internal.WorkerDaemonExpiration] Will attempt to release 1617 of memory
2024-12-02T01:57:51.745+0700 [DEBUG] [org.gradle.process.internal.health.memory.DefaultMemoryManager] 1696523059 physical memory requested, 0 released, 237965312 free
2024-12-02T01:57:56.743+0700 [DEBUG] [org.gradle.process.internal.health.memory.DefaultMemoryManager] 1696523059 physical memory requested, 324878336 free
2024-12-02T01:57:56.744+0700 [DEBUG] [org.gradle.workers.internal.WorkerDaemonExpiration] Will attempt to release 1617 of memory
2024-12-02T01:57:56.744+0700 [DEBUG] [org.gradle.process.internal.health.memory.DefaultMemoryManager] 1696523059 physical memory requested, 0 released, 324878336 free
2024-12-02T01:57:59.419+0700 [DEBUG] [org.gradle.cache.internal.DefaultFileLockManager] Waiting to acquire shared lock on daemon addresses registry.
2024-12-02T01:57:59.420+0700 [DEBUG] [org.gradle.cache.internal.DefaultFileLockManager] Lock acquired on daemon addresses registry.
2024-12-02T01:57:59.421+0700 [DEBUG] [org.gradle.cache.internal.DefaultFileLockManager] Releasing lock on daemon addresses registry.
2024-12-02T01:57:59.422+0700 [DEBUG] [org.gradle.cache.internal.DefaultFileLockManager] Waiting to acquire shared lock on daemon addresses registry.
2024-12-02T01:57:59.422+0700 [DEBUG] [org.gradle.cache.internal.DefaultFileLockManager] Lock acquired on daemon addresses registry.
2024-12-02T01:57:59.423+0700 [DEBUG] [org.gradle.cache.internal.DefaultFileLockManager] Releasing lock on daemon addresses registry.
2024-12-02T01:57:59.424+0700 [DEBUG] [org.gradle.cache.internal.DefaultFileLockManager] Waiting to acquire shared lock on daemon addresses registry.
2024-12-02T01:57:59.425+0700 [DEBUG] [org.gradle.cache.internal.DefaultFileLockManager] Lock acquired on daemon addresses registry.
2024-12-02T01:57:59.425+0700 [DEBUG] [org.gradle.cache.internal.DefaultFileLockManager] Releasing lock on daemon addresses registry.
2024-12-02T01:58:00.928+0700 [DEBUG] [sun.rmi.transport.tcp] RMI Scheduler(0): close connection, socket: Socket[addr=localhost/127.0.0.1,port=17220,localport=55655]
2024-12-02T01:58:00.939+0700 [DEBUG] [sun.rmi.transport.tcp] RMI Scheduler(0): close connection, socket: Socket[addr=localhost/127.0.0.1,port=17220,localport=55667]
2024-12-02T01:58:01.038+0700 [DEBUG] [sun.rmi.transport.tcp] RMI TCP Connection(1)-127.0.0.1: (port 55657) connection closed
2024-12-02T01:58:01.038+0700 [DEBUG] [sun.rmi.transport.tcp] RMI TCP Connection(1)-127.0.0.1: close connection, socket: Socket[addr=/127.0.0.1,port=55658,localport=55657]
2024-12-02T01:58:01.039+0700 [DEBUG] [sun.rmi.transport.tcp] RMI TCP Connection(1)-127.0.0.1: socket close: Socket[addr=/127.0.0.1,port=55658,localport=55657]
2024-12-02T01:58:01.740+0700 [DEBUG] [org.gradle.process.internal.health.memory.DefaultMemoryManager] 1696523059 physical memory requested, 326938624 free
2024-12-02T01:58:01.741+0700 [DEBUG] [org.gradle.workers.internal.WorkerDaemonExpiration] Will attempt to release 1617 of memory
2024-12-02T01:58:01.741+0700 [DEBUG] [org.gradle.process.internal.health.memory.DefaultMemoryManager] 1696523059 physical memory requested, 0 released, 326938624 free
2024-12-02T01:58:06.735+0700 [DEBUG] [org.gradle.process.internal.health.memory.DefaultMemoryManager] 1696523059 physical memory requested, 307773440 free
2024-12-02T01:58:06.735+0700 [DEBUG] [org.gradle.workers.internal.WorkerDaemonExpiration] Will attempt to release 1617 of memory
2024-12-02T01:58:06.735+0700 [DEBUG] [org.gradle.process.internal.health.memory.DefaultMemoryManager] 1696523059 physical memory requested, 0 released, 307773440 free
2024-12-02T01:58:09.414+0700 [DEBUG] [org.gradle.cache.internal.DefaultFileLockManager] Waiting to acquire shared lock on daemon addresses registry.
2024-12-02T01:58:09.415+0700 [DEBUG] [org.gradle.cache.internal.DefaultFileLockManager] Lock acquired on daemon addresses registry.
2024-12-02T01:58:09.415+0700 [DEBUG] [org.gradle.cache.internal.DefaultFileLockManager] Releasing lock on daemon addresses registry.
2024-12-02T01:58:09.416+0700 [DEBUG] [org.gradle.cache.internal.DefaultFileLockManager] Waiting to acquire shared lock on daemon addresses registry.
2024-12-02T01:58:09.416+0700 [DEBUG] [org.gradle.cache.internal.DefaultFileLockManager] Lock acquired on daemon addresses registry.
2024-12-02T01:58:09.417+0700 [DEBUG] [org.gradle.cache.internal.DefaultFileLockManager] Releasing lock on daemon addresses registry.
2024-12-02T01:58:09.417+0700 [DEBUG] [org.gradle.cache.internal.DefaultFileLockManager] Waiting to acquire shared lock on daemon addresses registry.
2024-12-02T01:58:09.418+0700 [DEBUG] [org.gradle.cache.internal.DefaultFileLockManager] Lock acquired on daemon addresses registry.
2024-12-02T01:58:09.418+0700 [DEBUG] [org.gradle.cache.internal.DefaultFileLockManager] Releasing lock on daemon addresses registry.
2024-12-02T01:58:11.745+0700 [DEBUG] [org.gradle.process.internal.health.memory.DefaultMemoryManager] 1696523059 physical memory requested, 353079296 free
2024-12-02T01:58:11.745+0700 [DEBUG] [org.gradle.workers.internal.WorkerDaemonExpiration] Will attempt to release 1617 of memory
2024-12-02T01:58:11.745+0700 [DEBUG] [org.gradle.process.internal.health.memory.DefaultMemoryManager] 1696523059 physical memory requested, 0 released, 353079296 free
2024-12-02T01:58:16.746+0700 [DEBUG] [org.gradle.process.internal.health.memory.DefaultMemoryManager] 1696523059 physical memory requested, 440012800 free
2024-12-02T01:58:16.746+0700 [DEBUG] [org.gradle.workers.internal.WorkerDaemonExpiration] Will attempt to release 1617 of memory
2024-12-02T01:58:16.746+0700 [DEBUG] [org.gradle.process.internal.health.memory.DefaultMemoryManager] 1696523059 physical memory requested, 0 released, 440012800 free
2024-12-02T01:58:19.416+0700 [DEBUG] [org.gradle.cache.internal.DefaultFileLockManager] Waiting to acquire shared lock on daemon addresses registry.
2024-12-02T01:58:19.417+0700 [DEBUG] [org.gradle.cache.internal.DefaultFileLockManager] Lock acquired on daemon addresses registry.
2024-12-02T01:58:19.417+0700 [DEBUG] [org.gradle.cache.internal.DefaultFileLockManager] Releasing lock on daemon addresses registry.
2024-12-02T01:58:19.418+0700 [DEBUG] [org.gradle.cache.internal.DefaultFileLockManager] Waiting to acquire shared lock on daemon addresses registry.
2024-12-02T01:58:19.418+0700 [DEBUG] [org.gradle.cache.internal.DefaultFileLockManager] Lock acquired on daemon addresses registry.
2024-12-02T01:58:19.418+0700 [DEBUG] [org.gradle.cache.internal.DefaultFileLockManager] Releasing lock on daemon addresses registry.
2024-12-02T01:58:19.419+0700 [DEBUG] [org.gradle.cache.internal.DefaultFileLockManager] Waiting to acquire shared lock on daemon addresses registry.
2024-12-02T01:58:19.419+0700 [DEBUG] [org.gradle.cache.internal.DefaultFileLockManager] Lock acquired on daemon addresses registry.
2024-12-02T01:58:19.420+0700 [DEBUG] [org.gradle.cache.internal.DefaultFileLockManager] Releasing lock on daemon addresses registry.
2024-12-02T01:58:21.744+0700 [DEBUG] [org.gradle.process.internal.health.memory.DefaultMemoryManager] 1696523059 physical memory requested, 312766464 free
2024-12-02T01:58:21.744+0700 [DEBUG] [org.gradle.workers.internal.WorkerDaemonExpiration] Will attempt to release 1617 of memory
2024-12-02T01:58:21.744+0700 [DEBUG] [org.gradle.process.internal.health.memory.DefaultMemoryManager] 1696523059 physical memory requested, 0 released, 312766464 free
2024-12-02T01:58:26.740+0700 [DEBUG] [org.gradle.process.internal.health.memory.DefaultMemoryManager] 1696523059 physical memory requested, 339468288 free
2024-12-02T01:58:26.741+0700 [DEBUG] [org.gradle.workers.internal.WorkerDaemonExpiration] Will attempt to release 1617 of memory
2024-12-02T01:58:26.741+0700 [DEBUG] [org.gradle.process.internal.health.memory.DefaultMemoryManager] 1696523059 physical memory requested, 0 released, 339468288 free
2024-12-02T01:58:29.420+0700 [DEBUG] [org.gradle.cache.internal.DefaultFileLockManager] Waiting to acquire shared lock on daemon addresses registry.
2024-12-02T01:58:29.420+0700 [DEBUG] [org.gradle.cache.internal.DefaultFileLockManager] Lock acquired on daemon addresses registry.
2024-12-02T01:58:29.421+0700 [DEBUG] [org.gradle.cache.internal.DefaultFileLockManager] Releasing lock on daemon addresses registry.
2024-12-02T01:58:29.421+0700 [DEBUG] [org.gradle.cache.internal.DefaultFileLockManager] Waiting to acquire shared lock on daemon addresses registry.
2024-12-02T01:58:29.422+0700 [DEBUG] [org.gradle.cache.internal.DefaultFileLockManager] Lock acquired on daemon addresses registry.
2024-12-02T01:58:29.422+0700 [DEBUG] [org.gradle.cache.internal.DefaultFileLockManager] Releasing lock on daemon addresses registry.
2024-12-02T01:58:29.423+0700 [DEBUG] [org.gradle.cache.internal.DefaultFileLockManager] Waiting to acquire shared lock on daemon addresses registry.
2024-12-02T01:58:29.423+0700 [DEBUG] [org.gradle.cache.internal.DefaultFileLockManager] Lock acquired on daemon addresses registry.
2024-12-02T01:58:29.424+0700 [DEBUG] [org.gradle.cache.internal.DefaultFileLockManager] Releasing lock on daemon addresses registry.
2024-12-02T01:58:31.735+0700 [DEBUG] [org.gradle.process.internal.health.memory.DefaultMemoryManager] 1696523059 physical memory requested, 339931136 free
2024-12-02T01:58:31.735+0700 [DEBUG] [org.gradle.workers.internal.WorkerDaemonExpiration] Will attempt to release 1617 of memory
2024-12-02T01:58:31.735+0700 [DEBUG] [org.gradle.process.internal.health.memory.DefaultMemoryManager] 1696523059 physical memory requested, 0 released, 339931136 free
2024-12-02T01:58:36.735+0700 [DEBUG] [org.gradle.process.internal.health.memory.DefaultMemoryManager] 1696523059 physical memory requested, 331509760 free
2024-12-02T01:58:36.735+0700 [DEBUG] [org.gradle.workers.internal.WorkerDaemonExpiration] Will attempt to release 1617 of memory
2024-12-02T01:58:36.736+0700 [DEBUG] [org.gradle.process.internal.health.memory.DefaultMemoryManager] 1696523059 physical memory requested, 0 released, 331509760 free
2024-12-02T01:58:39.417+0700 [DEBUG] [org.gradle.cache.internal.DefaultFileLockManager] Waiting to acquire shared lock on daemon addresses registry.
2024-12-02T01:58:39.417+0700 [DEBUG] [org.gradle.cache.internal.DefaultFileLockManager] Lock acquired on daemon addresses registry.
2024-12-02T01:58:39.418+0700 [DEBUG] [org.gradle.cache.internal.DefaultFileLockManager] Releasing lock on daemon addresses registry.
2024-12-02T01:58:39.418+0700 [DEBUG] [org.gradle.cache.internal.DefaultFileLockManager] Waiting to acquire shared lock on daemon addresses registry.
2024-12-02T01:58:39.419+0700 [DEBUG] [org.gradle.cache.internal.DefaultFileLockManager] Lock acquired on daemon addresses registry.
2024-12-02T01:58:39.419+0700 [DEBUG] [org.gradle.cache.internal.DefaultFileLockManager] Releasing lock on daemon addresses registry.
2024-12-02T01:58:39.420+0700 [DEBUG] [org.gradle.cache.internal.DefaultFileLockManager] Waiting to acquire shared lock on daemon addresses registry.
2024-12-02T01:58:39.420+0700 [DEBUG] [org.gradle.cache.internal.DefaultFileLockManager] Lock acquired on daemon addresses registry.
2024-12-02T01:58:39.420+0700 [DEBUG] [org.gradle.cache.internal.DefaultFileLockManager] Releasing lock on daemon addresses registry.
2024-12-02T01:58:41.739+0700 [DEBUG] [org.gradle.process.internal.health.memory.DefaultMemoryManager] 1696523059 physical memory requested, 332705792 free
2024-12-02T01:58:41.739+0700 [DEBUG] [org.gradle.workers.internal.WorkerDaemonExpiration] Will attempt to release 1617 of memory
2024-12-02T01:58:41.739+0700 [DEBUG] [org.gradle.process.internal.health.memory.DefaultMemoryManager] 1696523059 physical memory requested, 0 released, 332705792 free
2024-12-02T01:58:46.743+0700 [DEBUG] [org.gradle.process.internal.health.memory.DefaultMemoryManager] 1696523059 physical memory requested, 349618176 free
2024-12-02T01:58:46.744+0700 [DEBUG] [org.gradle.workers.internal.WorkerDaemonExpiration] Will attempt to release 1617 of memory
2024-12-02T01:58:46.744+0700 [DEBUG] [org.gradle.process.internal.health.memory.DefaultMemoryManager] 1696523059 physical memory requested, 0 released, 349618176 free
2024-12-02T01:58:49.409+0700 [DEBUG] [org.gradle.cache.internal.DefaultFileLockManager] Waiting to acquire shared lock on daemon addresses registry.
2024-12-02T01:58:49.409+0700 [DEBUG] [org.gradle.cache.internal.DefaultFileLockManager] Lock acquired on daemon addresses registry.
2024-12-02T01:58:49.409+0700 [DEBUG] [org.gradle.cache.internal.DefaultFileLockManager] Releasing lock on daemon addresses registry.
2024-12-02T01:58:49.410+0700 [DEBUG] [org.gradle.cache.internal.DefaultFileLockManager] Waiting to acquire shared lock on daemon addresses registry.
2024-12-02T01:58:49.410+0700 [DEBUG] [org.gradle.cache.internal.DefaultFileLockManager] Lock acquired on daemon addresses registry.
2024-12-02T01:58:49.410+0700 [DEBUG] [org.gradle.cache.internal.DefaultFileLockManager] Releasing lock on daemon addresses registry.
2024-12-02T01:58:49.411+0700 [DEBUG] [org.gradle.cache.internal.DefaultFileLockManager] Waiting to acquire shared lock on daemon addresses registry.
2024-12-02T01:58:49.411+0700 [DEBUG] [org.gradle.cache.internal.DefaultFileLockManager] Lock acquired on daemon addresses registry.
2024-12-02T01:58:49.411+0700 [DEBUG] [org.gradle.cache.internal.DefaultFileLockManager] Releasing lock on daemon addresses registry.
2024-12-02T01:58:51.745+0700 [DEBUG] [org.gradle.process.internal.health.memory.DefaultMemoryManager] 1696523059 physical memory requested, 300265472 free
2024-12-02T01:58:51.745+0700 [DEBUG] [org.gradle.workers.internal.WorkerDaemonExpiration] Will attempt to release 1617 of memory
2024-12-02T01:58:51.745+0700 [DEBUG] [org.gradle.process.internal.health.memory.DefaultMemoryManager] 1696523059 physical memory requested, 0 released, 300265472 free
2024-12-02T01:58:56.732+0700 [DEBUG] [org.gradle.process.internal.health.memory.DefaultMemoryManager] 1696523059 physical memory requested, 314875904 free
2024-12-02T01:58:56.732+0700 [DEBUG] [org.gradle.workers.internal.WorkerDaemonExpiration] Will attempt to release 1617 of memory
2024-12-02T01:58:56.733+0700 [DEBUG] [org.gradle.process.internal.health.memory.DefaultMemoryManager] 1696523059 physical memory requested, 0 released, 314875904 free
2024-12-02T01:58:59.416+0700 [DEBUG] [org.gradle.cache.internal.DefaultFileLockManager] Waiting to acquire shared lock on daemon addresses registry.
2024-12-02T01:58:59.416+0700 [DEBUG] [org.gradle.cache.internal.DefaultFileLockManager] Lock acquired on daemon addresses registry.
2024-12-02T01:58:59.416+0700 [DEBUG] [org.gradle.cache.internal.DefaultFileLockManager] Releasing lock on daemon addresses registry.
2024-12-02T01:58:59.417+0700 [DEBUG] [org.gradle.cache.internal.DefaultFileLockManager] Waiting to acquire shared lock on daemon addresses registry.
2024-12-02T01:58:59.417+0700 [DEBUG] [org.gradle.cache.internal.DefaultFileLockManager] Lock acquired on daemon addresses registry.
2024-12-02T01:58:59.417+0700 [DEBUG] [org.gradle.cache.internal.DefaultFileLockManager] Releasing lock on daemon addresses registry.
2024-12-02T01:58:59.418+0700 [DEBUG] [org.gradle.cache.internal.DefaultFileLockManager] Waiting to acquire shared lock on daemon addresses registry.
2024-12-02T01:58:59.418+0700 [DEBUG] [org.gradle.cache.internal.DefaultFileLockManager] Lock acquired on daemon addresses registry.
2024-12-02T01:58:59.418+0700 [DEBUG] [org.gradle.cache.internal.DefaultFileLockManager] Releasing lock on daemon addresses registry.
2024-12-02T01:59:01.731+0700 [DEBUG] [org.gradle.process.internal.health.memory.DefaultMemoryManager] 1696523059 physical memory requested, 338948096 free
2024-12-02T01:59:01.731+0700 [DEBUG] [org.gradle.workers.internal.WorkerDaemonExpiration] Will attempt to release 1617 of memory
2024-12-02T01:59:01.731+0700 [DEBUG] [org.gradle.process.internal.health.memory.DefaultMemoryManager] 1696523059 physical memory requested, 0 released, 338948096 free
2024-12-02T01:59:06.730+0700 [DEBUG] [org.gradle.process.internal.health.memory.DefaultMemoryManager] 1696523059 physical memory requested, 287703040 free
2024-12-02T01:59:06.731+0700 [DEBUG] [org.gradle.workers.internal.WorkerDaemonExpiration] Will attempt to release 1617 of memory
2024-12-02T01:59:06.731+0700 [DEBUG] [org.gradle.process.internal.health.memory.DefaultMemoryManager] 1696523059 physical memory requested, 0 released, 287703040 free
2024-12-02T01:59:09.421+0700 [DEBUG] [org.gradle.cache.internal.DefaultFileLockManager] Waiting to acquire shared lock on daemon addresses registry.
2024-12-02T01:59:09.421+0700 [DEBUG] [org.gradle.cache.internal.DefaultFileLockManager] Lock acquired on daemon addresses registry.
2024-12-02T01:59:09.421+0700 [DEBUG] [org.gradle.cache.internal.DefaultFileLockManager] Releasing lock on daemon addresses registry.
2024-12-02T01:59:09.422+0700 [DEBUG] [org.gradle.cache.internal.DefaultFileLockManager] Waiting to acquire shared lock on daemon addresses registry.
2024-12-02T01:59:09.422+0700 [DEBUG] [org.gradle.cache.internal.DefaultFileLockManager] Lock acquired on daemon addresses registry.
2024-12-02T01:59:09.422+0700 [DEBUG] [org.gradle.cache.internal.DefaultFileLockManager] Releasing lock on daemon addresses registry.
2024-12-02T01:59:09.423+0700 [DEBUG] [org.gradle.cache.internal.DefaultFileLockManager] Waiting to acquire shared lock on daemon addresses registry.
2024-12-02T01:59:09.423+0700 [DEBUG] [org.gradle.cache.internal.DefaultFileLockManager] Lock acquired on daemon addresses registry.
2024-12-02T01:59:09.423+0700 [DEBUG] [org.gradle.cache.internal.DefaultFileLockManager] Releasing lock on daemon addresses registry.
2024-12-02T01:59:11.740+0700 [DEBUG] [org.gradle.process.internal.health.memory.DefaultMemoryManager] 1696523059 physical memory requested, 271003648 free
2024-12-02T01:59:11.740+0700 [DEBUG] [org.gradle.workers.internal.WorkerDaemonExpiration] Will attempt to release 1617 of memory
2024-12-02T01:59:11.740+0700 [DEBUG] [org.gradle.process.internal.health.memory.DefaultMemoryManager] 1696523059 physical memory requested, 0 released, 271003648 free
2024-12-02T01:59:16.745+0700 [DEBUG] [org.gradle.process.internal.health.memory.DefaultMemoryManager] 1696523059 physical memory requested, 295755776 free
2024-12-02T01:59:16.745+0700 [DEBUG] [org.gradle.workers.internal.WorkerDaemonExpiration] Will attempt to release 1617 of memory
2024-12-02T01:59:16.745+0700 [DEBUG] [org.gradle.process.internal.health.memory.DefaultMemoryManager] 1696523059 physical memory requested, 0 released, 295755776 free
2024-12-02T01:59:19.418+0700 [DEBUG] [org.gradle.cache.internal.DefaultFileLockManager] Waiting to acquire shared lock on daemon addresses registry.
2024-12-02T01:59:19.418+0700 [DEBUG] [org.gradle.cache.internal.DefaultFileLockManager] Lock acquired on daemon addresses registry.
2024-12-02T01:59:19.418+0700 [DEBUG] [org.gradle.cache.internal.DefaultFileLockManager] Releasing lock on daemon addresses registry.
2024-12-02T01:59:19.419+0700 [DEBUG] [org.gradle.cache.internal.DefaultFileLockManager] Waiting to acquire shared lock on daemon addresses registry.
2024-12-02T01:59:19.420+0700 [DEBUG] [org.gradle.cache.internal.DefaultFileLockManager] Lock acquired on daemon addresses registry.
2024-12-02T01:59:19.420+0700 [DEBUG] [org.gradle.cache.internal.DefaultFileLockManager] Releasing lock on daemon addresses registry.
2024-12-02T01:59:19.421+0700 [DEBUG] [org.gradle.cache.internal.DefaultFileLockManager] Waiting to acquire shared lock on daemon addresses registry.
2024-12-02T01:59:19.421+0700 [DEBUG] [org.gradle.cache.internal.DefaultFileLockManager] Lock acquired on daemon addresses registry.
2024-12-02T01:59:19.421+0700 [DEBUG] [org.gradle.cache.internal.DefaultFileLockManager] Releasing lock on daemon addresses registry.
2024-12-02T01:59:21.738+0700 [DEBUG] [org.gradle.process.internal.health.memory.DefaultMemoryManager] 1696523059 physical memory requested, 272101376 free
2024-12-02T01:59:21.738+0700 [DEBUG] [org.gradle.workers.internal.WorkerDaemonExpiration] Will attempt to release 1617 of memory
2024-12-02T01:59:21.738+0700 [DEBUG] [org.gradle.process.internal.health.memory.DefaultMemoryManager] 1696523059 physical memory requested, 0 released, 272101376 free
2024-12-02T01:59:26.742+0700 [DEBUG] [org.gradle.process.internal.health.memory.DefaultMemoryManager] 1696523059 physical memory requested, 251252736 free
2024-12-02T01:59:26.742+0700 [DEBUG] [org.gradle.workers.internal.WorkerDaemonExpiration] Will attempt to release 1617 of memory
2024-12-02T01:59:26.742+0700 [DEBUG] [org.gradle.process.internal.health.memory.DefaultMemoryManager] 1696523059 physical memory requested, 0 released, 251252736 free
2024-12-02T01:59:29.418+0700 [DEBUG] [org.gradle.cache.internal.DefaultFileLockManager] Waiting to acquire shared lock on daemon addresses registry.
2024-12-02T01:59:29.419+0700 [DEBUG] [org.gradle.cache.internal.DefaultFileLockManager] Lock acquired on daemon addresses registry.
2024-12-02T01:59:29.424+0700 [DEBUG] [org.gradle.cache.internal.DefaultFileLockManager] Releasing lock on daemon addresses registry.
2024-12-02T01:59:29.425+0700 [DEBUG] [org.gradle.cache.internal.DefaultFileLockManager] Waiting to acquire shared lock on daemon addresses registry.
2024-12-02T01:59:29.425+0700 [DEBUG] [org.gradle.cache.internal.DefaultFileLockManager] Lock acquired on daemon addresses registry.
2024-12-02T01:59:29.425+0700 [DEBUG] [org.gradle.cache.internal.DefaultFileLockManager] Releasing lock on daemon addresses registry.
2024-12-02T01:59:29.426+0700 [DEBUG] [org.gradle.cache.internal.DefaultFileLockManager] Waiting to acquire shared lock on daemon addresses registry.
2024-12-02T01:59:29.426+0700 [DEBUG] [org.gradle.cache.internal.DefaultFileLockManager] Lock acquired on daemon addresses registry.
2024-12-02T01:59:29.426+0700 [DEBUG] [org.gradle.cache.internal.DefaultFileLockManager] Releasing lock on daemon addresses registry.
2024-12-02T01:59:31.741+0700 [DEBUG] [org.gradle.process.internal.health.memory.DefaultMemoryManager] 1696523059 physical memory requested, 896811008 free
2024-12-02T01:59:31.741+0700 [DEBUG] [org.gradle.workers.internal.WorkerDaemonExpiration] Will attempt to release 1617 of memory
2024-12-02T01:59:31.741+0700 [DEBUG] [org.gradle.process.internal.health.memory.DefaultMemoryManager] 1696523059 physical memory requested, 0 released, 896811008 free
2024-12-02T01:59:36.736+0700 [DEBUG] [org.gradle.process.internal.health.memory.DefaultMemoryManager] 1696523059 physical memory requested, 1056256000 free
2024-12-02T01:59:36.736+0700 [DEBUG] [org.gradle.workers.internal.WorkerDaemonExpiration] Will attempt to release 1617 of memory
2024-12-02T01:59:36.736+0700 [DEBUG] [org.gradle.process.internal.health.memory.DefaultMemoryManager] 1696523059 physical memory requested, 0 released, 1056256000 free
2024-12-02T01:59:39.409+0700 [DEBUG] [org.gradle.cache.internal.DefaultFileLockManager] Waiting to acquire shared lock on daemon addresses registry.
2024-12-02T01:59:39.409+0700 [DEBUG] [org.gradle.cache.internal.DefaultFileLockManager] Lock acquired on daemon addresses registry.
2024-12-02T01:59:39.409+0700 [DEBUG] [org.gradle.cache.internal.DefaultFileLockManager] Releasing lock on daemon addresses registry.
2024-12-02T01:59:39.410+0700 [DEBUG] [org.gradle.cache.internal.DefaultFileLockManager] Waiting to acquire shared lock on daemon addresses registry.
2024-12-02T01:59:39.410+0700 [DEBUG] [org.gradle.cache.internal.DefaultFileLockManager] Lock acquired on daemon addresses registry.
2024-12-02T01:59:39.410+0700 [DEBUG] [org.gradle.cache.internal.DefaultFileLockManager] Releasing lock on daemon addresses registry.
2024-12-02T01:59:39.411+0700 [DEBUG] [org.gradle.cache.internal.DefaultFileLockManager] Waiting to acquire shared lock on daemon addresses registry.
2024-12-02T01:59:39.411+0700 [DEBUG] [org.gradle.cache.internal.DefaultFileLockManager] Lock acquired on daemon addresses registry.
2024-12-02T01:59:39.411+0700 [DEBUG] [org.gradle.cache.internal.DefaultFileLockManager] Releasing lock on daemon addresses registry.
2024-12-02T01:59:42.491+0700 [DEBUG] [org.gradle.internal.remote.internal.inet.TcpIncomingConnector] Accepted connection from /127.0.0.1:55780 to /127.0.0.1:55591.
2024-12-02T01:59:42.498+0700 [DEBUG] [org.gradle.launcher.daemon.server.SynchronizedDispatchConnection] thread 160: received class org.gradle.launcher.daemon.protocol.StopWhenIdle
2024-12-02T01:59:42.498+0700 [DEBUG] [org.gradle.launcher.daemon.server.DefaultDaemonConnection] thread 160: Received non-IO message from client: StopWhenIdle[id=1a9354fe-033d-4d37-8440-23f35cf4a716]
2024-12-02T01:59:42.498+0700 [INFO] [org.gradle.launcher.daemon.server.DefaultIncomingConnectionHandler] Received command: StopWhenIdle[id=1a9354fe-033d-4d37-8440-23f35cf4a716].
2024-12-02T01:59:42.498+0700 [DEBUG] [org.gradle.launcher.daemon.server.DefaultIncomingConnectionHandler] Starting executing command: StopWhenIdle[id=1a9354fe-033d-4d37-8440-23f35cf4a716] with connection: socket connection from /127.0.0.1:55591 to /127.0.0.1:55780.
2024-12-02T01:59:42.499+0700 [DEBUG] [org.gradle.launcher.daemon.server.DaemonRegistryUpdater] Storing daemon stop event: stop command received
2024-12-02T01:59:42.500+0700 [DEBUG] [org.gradle.launcher.daemon.registry.PersistentDaemonRegistry] Storing daemon stop event with timestamp 1733079582499
2024-12-02T01:59:42.501+0700 [DEBUG] [org.gradle.cache.internal.DefaultFileLockManager] Waiting to acquire exclusive lock on daemon addresses registry.
2024-12-02T01:59:42.501+0700 [DEBUG] [org.gradle.cache.internal.DefaultFileLockManager] Lock acquired on daemon addresses registry.
2024-12-02T01:59:42.502+0700 [DEBUG] [org.gradle.cache.internal.DefaultFileLockManager] Releasing lock on daemon addresses registry.
2024-12-02T01:59:42.503+0700 [LIFECYCLE] [org.gradle.launcher.daemon.server.DaemonStateCoordinator] Daemon will be stopped at the end of the build stop command received
2024-12-02T01:59:42.503+0700 [DEBUG] [org.gradle.launcher.daemon.server.DaemonStateCoordinator] Marking daemon stopped due to stop command received. The daemon is running a build: false
2024-12-02T01:59:42.503+0700 [DEBUG] [org.gradle.launcher.daemon.server.SynchronizedDispatchConnection] thread 159: dispatching Success[value=null]
2024-12-02T01:59:42.503+0700 [DEBUG] [org.gradle.launcher.daemon.server.DaemonStateCoordinator] daemon has stopped.
2024-12-02T01:59:42.503+0700 [DEBUG] [org.gradle.launcher.daemon.server.DefaultIncomingConnectionHandler] Finishing executing command: StopWhenIdle[id=1a9354fe-033d-4d37-8440-23f35cf4a716]
2024-12-02T01:59:42.504+0700 [DEBUG] [org.gradle.launcher.daemon.server.SynchronizedDispatchConnection] thread 160: received class org.gradle.launcher.daemon.protocol.Finished
2024-12-02T01:59:42.504+0700 [DEBUG] [org.gradle.launcher.daemon.server.Daemon] stop() called on daemon
2024-12-02T01:59:42.504+0700 [DEBUG] [org.gradle.launcher.daemon.server.DefaultDaemonConnection] thread 160: Received non-IO message from client: org.gradle.launcher.daemon.protocol.Finished@5357bddf
2024-12-02T01:59:42.504+0700 [DEBUG] [org.gradle.internal.remote.internal.inet.SocketConnection] Discarding EOFException: java.io.EOFException
2024-12-02T01:59:42.504+0700 [DEBUG] [org.gradle.launcher.daemon.server.SynchronizedDispatchConnection] thread 160: received null
2024-12-02T01:59:42.504+0700 [DEBUG] [org.gradle.launcher.daemon.server.DefaultIncomingConnectionHandler] Received finished message: org.gradle.launcher.daemon.protocol.Finished@5357bddf
2024-12-02T01:59:42.504+0700 [INFO] [org.gradle.launcher.daemon.server.Daemon] Stop requested. Daemon is removing its presence from the registry...
2024-12-02T01:59:42.504+0700 [DEBUG] [org.gradle.launcher.daemon.server.DefaultDaemonConnection] thread 160: Received end-of-input from client.
2024-12-02T01:59:42.505+0700 [DEBUG] [org.gradle.launcher.daemon.server.DaemonRegistryUpdater] Removing our presence to clients, eg. removing this address from the registry: [b2836edc-d4cd-49cd-bc51-561db073f51c port:55591, addresses:[localhost/127.0.0.1]]
2024-12-02T01:59:42.505+0700 [DEBUG] [org.gradle.launcher.daemon.registry.PersistentDaemonRegistry] Removing daemon address: [b2836edc-d4cd-49cd-bc51-561db073f51c port:55591, addresses:[localhost/127.0.0.1]]
2024-12-02T01:59:42.504+0700 [DEBUG] [org.gradle.launcher.daemon.server.SynchronizedDispatchConnection] thread 159: stopping connection
2024-12-02T01:59:42.505+0700 [DEBUG] [org.gradle.launcher.daemon.server.SynchronizedDispatchConnection] thread 159: stopping connection
2024-12-02T01:59:42.506+0700 [DEBUG] [org.gradle.cache.internal.DefaultFileLockManager] Waiting to acquire exclusive lock on daemon addresses registry.
2024-12-02T01:59:42.506+0700 [DEBUG] [org.gradle.cache.internal.DefaultFileLockManager] Lock acquired on daemon addresses registry.
2024-12-02T01:59:42.507+0700 [DEBUG] [org.gradle.cache.internal.DefaultFileLockManager] Releasing lock on daemon addresses registry.
2024-12-02T01:59:42.508+0700 [DEBUG] [org.gradle.launcher.daemon.server.DaemonRegistryUpdater] Address removed from registry.
2024-12-02T01:59:42.526+0700 [DEBUG] [org.gradle.cache.internal.DefaultPersistentDirectoryStore] jars (C:\Users\user\StudioProjects\TestApp\caches\jars-9) has last been fully cleaned up 83 hours ago
2024-12-02T01:59:42.530+0700 [INFO] [org.gradle.cache.internal.AbstractCacheCleanup] jars (C:\Users\user\StudioProjects\TestApp\caches\jars-9) cleanup deleted 0 files/directories.
2024-12-02T01:59:42.530+0700 [INFO] [org.gradle.cache.internal.LeastRecentlyUsedCacheCleanup] jars (C:\Users\user\StudioProjects\TestApp\caches\jars-9) removing files not accessed on or after Mon Nov 25 01:57:11 WIB 2024.
2024-12-02T01:59:42.626+0700 [INFO] [org.gradle.cache.internal.AbstractCacheCleanup] jars (C:\Users\user\StudioProjects\TestApp\caches\jars-9) cleanup deleted 39 files/directories.
2024-12-02T01:59:42.626+0700 [INFO] [org.gradle.cache.internal.DefaultPersistentDirectoryStore] jars (C:\Users\user\StudioProjects\TestApp\caches\jars-9) cleaned up in 0.099 secs.
2024-12-02T01:59:42.626+0700 [DEBUG] [org.gradle.cache.internal.DefaultCacheCoordinator] Cache jars (C:\Users\user\StudioProjects\TestApp\caches\jars-9) was closed 0 times.
2024-12-02T01:59:42.627+0700 [DEBUG] [org.gradle.cache.internal.LockOnDemandCrossProcessCacheAccess] Releasing file lock for file content cache (C:\Users\user\StudioProjects\TestApp\caches\8.7\fileContent)
2024-12-02T01:59:42.627+0700 [DEBUG] [org.gradle.cache.internal.DefaultFileLockManager] Releasing lock on file content cache (C:\Users\user\StudioProjects\TestApp\caches\8.7\fileContent).
2024-12-02T01:59:42.627+0700 [DEBUG] [org.gradle.internal.watch.vfs.impl.WatchingVirtualFileSystem] Closing VFS, dropping state
2024-12-02T01:59:42.628+0700 [DEBUG] [org.gradle.internal.watch.registry.impl.DefaultFileWatcherRegistry] Finished listening to file system change events
2024-12-02T01:59:42.628+0700 [DEBUG] [org.gradle.cache.internal.LockOnDemandCrossProcessCacheAccess] Releasing file lock for Generated Gradle JARs cache (C:\Users\user\StudioProjects\TestApp\caches\8.7\generated-gradle-jars)
2024-12-02T01:59:42.629+0700 [DEBUG] [org.gradle.cache.internal.DefaultFileLockManager] Releasing lock on Generated Gradle JARs cache (C:\Users\user\StudioProjects\TestApp\caches\8.7\generated-gradle-jars).
2024-12-02T01:59:42.630+0700 [DEBUG] [org.gradle.cache.internal.DefaultPersistentDirectoryStore] Artifact transforms cache (C:\Users\user\StudioProjects\TestApp\caches\transforms-4) has last been fully cleaned up 83 hours ago
2024-12-02T01:59:42.630+0700 [INFO] [org.gradle.cache.internal.LeastRecentlyUsedCacheCleanup] Artifact transforms cache (C:\Users\user\StudioProjects\TestApp\caches\transforms-4) removing files not accessed on or after Mon Nov 25 01:57:11 WIB 2024.
2024-12-02T02:00:01.626+0700 [INFO] [org.gradle.cache.internal.AbstractCacheCleanup] Artifact transforms cache (C:\Users\user\StudioProjects\TestApp\caches\transforms-4) cleanup deleted 175 files/directories.
2024-12-02T02:00:01.626+0700 [INFO] [org.gradle.cache.internal.DefaultPersistentDirectoryStore] Artifact transforms cache (C:\Users\user\StudioProjects\TestApp\caches\transforms-4) cleaned up in 18.995 secs.
2024-12-02T02:00:01.626+0700 [DEBUG] [org.gradle.cache.internal.DefaultCacheCoordinator] Cache Artifact transforms cache (C:\Users\user\StudioProjects\TestApp\caches\transforms-4) was closed 0 times.
2024-12-02T02:00:01.626+0700 [DEBUG] [org.gradle.cache.internal.LockOnDemandCrossProcessCacheAccess] Releasing file lock for artifact cache (C:\Users\user\StudioProjects\TestApp\caches\modules-2)
2024-12-02T02:00:01.626+0700 [DEBUG] [org.gradle.cache.internal.btree.BTreePersistentIndexedCache] Closing cache module-artifact.bin (C:\Users\user\StudioProjects\TestApp\caches\modules-2\metadata-2.106\module-artifact.bin)
2024-12-02T02:00:01.626+0700 [DEBUG] [org.gradle.cache.internal.btree.BTreePersistentIndexedCache] Closing cache module-metadata.bin (C:\Users\user\StudioProjects\TestApp\caches\modules-2\metadata-2.106\module-metadata.bin)
2024-12-02T02:00:01.626+0700 [DEBUG] [org.gradle.cache.internal.DefaultFileLockManager] Releasing lock on artifact cache (C:\Users\user\StudioProjects\TestApp\caches\modules-2).
2024-12-02T02:00:01.627+0700 [DEBUG] [org.gradle.cache.internal.DefaultPersistentDirectoryStore] artifact cache (C:\Users\user\StudioProjects\TestApp\caches\modules-2) has last been fully cleaned up 83 hours ago
2024-12-02T02:00:01.628+0700 [INFO] [org.gradle.cache.internal.AbstractCacheCleanup] artifact cache (C:\Users\user\StudioProjects\TestApp\caches\modules-2) cleanup deleted 0 files/directories.
2024-12-02T02:00:01.628+0700 [INFO] [org.gradle.cache.internal.AbstractCacheCleanup] artifact cache (C:\Users\user\StudioProjects\TestApp\caches\modules-2) [subdir: C:\Users\user\StudioProjects\TestApp\caches\modules-2\resources-2.1] cleanup deleted 0 files/directories.
2024-12-02T02:00:01.628+0700 [INFO] [org.gradle.cache.internal.LeastRecentlyUsedCacheCleanup] artifact cache (C:\Users\user\StudioProjects\TestApp\caches\modules-2) [subdir: C:\Users\user\StudioProjects\TestApp\caches\modules-2\resources-2.1] removing files not accessed on or after Sat Nov 02 01:57:11 WIB 2024.
2024-12-02T02:00:01.629+0700 [INFO] [org.gradle.cache.internal.AbstractCacheCleanup] artifact cache (C:\Users\user\StudioProjects\TestApp\caches\modules-2) [subdir: C:\Users\user\StudioProjects\TestApp\caches\modules-2\resources-2.1] cleanup deleted 0 files/directories.
2024-12-02T02:00:01.629+0700 [INFO] [org.gradle.cache.internal.AbstractCacheCleanup] artifact cache (C:\Users\user\StudioProjects\TestApp\caches\modules-2) [subdir: C:\Users\user\StudioProjects\TestApp\caches\modules-2\files-2.1] cleanup deleted 0 files/directories.
2024-12-02T02:00:01.629+0700 [INFO] [org.gradle.cache.internal.LeastRecentlyUsedCacheCleanup] artifact cache (C:\Users\user\StudioProjects\TestApp\caches\modules-2) [subdir: C:\Users\user\StudioProjects\TestApp\caches\modules-2\files-2.1] removing files not accessed on or after Sat Nov 02 01:57:11 WIB 2024.
2024-12-02T02:00:01.785+0700 [INFO] [org.gradle.cache.internal.AbstractCacheCleanup] artifact cache (C:\Users\user\StudioProjects\TestApp\caches\modules-2) [subdir: C:\Users\user\StudioProjects\TestApp\caches\modules-2\files-2.1] cleanup deleted 0 files/directories.
2024-12-02T02:00:01.786+0700 [INFO] [org.gradle.cache.internal.AbstractCacheCleanup] artifact cache (C:\Users\user\StudioProjects\TestApp\caches\modules-2) [subdir: C:\Users\user\StudioProjects\TestApp\caches\modules-2\metadata-2.106] cleanup deleted 0 files/directories.
2024-12-02T02:00:01.786+0700 [INFO] [org.gradle.cache.internal.DefaultPersistentDirectoryStore] artifact cache (C:\Users\user\StudioProjects\TestApp\caches\modules-2) cleaned up in 0.159 secs.
2024-12-02T02:00:01.787+0700 [DEBUG] [org.gradle.cache.internal.DefaultPersistentDirectoryStore] groovy-dsl (C:\Users\user\StudioProjects\TestApp\caches\8.7\groovy-dsl) has last been fully cleaned up 83 hours ago
2024-12-02T02:00:01.787+0700 [INFO] [org.gradle.cache.internal.LeastRecentlyUsedCacheCleanup] groovy-dsl (C:\Users\user\StudioProjects\TestApp\caches\8.7\groovy-dsl) removing files not accessed on or after Mon Nov 25 01:57:11 WIB 2024.
2024-12-02T02:00:01.827+0700 [INFO] [org.gradle.cache.internal.AbstractCacheCleanup] groovy-dsl (C:\Users\user\StudioProjects\TestApp\caches\8.7\groovy-dsl) cleanup deleted 8 files/directories.
2024-12-02T02:00:01.828+0700 [INFO] [org.gradle.cache.internal.DefaultPersistentDirectoryStore] groovy-dsl (C:\Users\user\StudioProjects\TestApp\caches\8.7\groovy-dsl) cleaned up in 0.04 secs.
2024-12-02T02:00:01.828+0700 [DEBUG] [org.gradle.cache.internal.DefaultCacheCoordinator] Cache groovy-dsl (C:\Users\user\StudioProjects\TestApp\caches\8.7\groovy-dsl) was closed 0 times.
2024-12-02T02:00:01.828+0700 [DEBUG] [org.gradle.cache.internal.DefaultPersistentDirectoryStore] kotlin-dsl (C:\Users\user\StudioProjects\TestApp\caches\8.7\kotlin-dsl) has last been fully cleaned up 83 hours ago
2024-12-02T02:00:01.828+0700 [INFO] [org.gradle.cache.internal.LeastRecentlyUsedCacheCleanup] kotlin-dsl (C:\Users\user\StudioProjects\TestApp\caches\8.7\kotlin-dsl) removing files not accessed on or after Mon Nov 25 01:57:11 WIB 2024.
2024-12-02T02:00:02.245+0700 [INFO] [org.gradle.cache.internal.AbstractCacheCleanup] kotlin-dsl (C:\Users\user\StudioProjects\TestApp\caches\8.7\kotlin-dsl) cleanup deleted 20 files/directories.
2024-12-02T02:00:02.246+0700 [INFO] [org.gradle.cache.internal.DefaultPersistentDirectoryStore] kotlin-dsl (C:\Users\user\StudioProjects\TestApp\caches\8.7\kotlin-dsl) cleaned up in 0.417 secs.
2024-12-02T02:00:02.246+0700 [DEBUG] [org.gradle.cache.internal.DefaultCacheCoordinator] Cache kotlin-dsl (C:\Users\user\StudioProjects\TestApp\caches\8.7\kotlin-dsl) was closed 0 times.
2024-12-02T02:00:02.246+0700 [DEBUG] [org.gradle.cache.internal.LockOnDemandCrossProcessCacheAccess] Releasing file lock for journal cache (C:\Users\user\StudioProjects\TestApp\caches\journal-1)
2024-12-02T02:00:02.247+0700 [DEBUG] [org.gradle.cache.internal.btree.BTreePersistentIndexedCache] Closing cache file-access.bin (C:\Users\user\StudioProjects\TestApp\caches\journal-1\file-access.bin)
2024-12-02T02:00:02.247+0700 [DEBUG] [org.gradle.cache.internal.DefaultFileLockManager] Releasing lock on journal cache (C:\Users\user\StudioProjects\TestApp\caches\journal-1).
2024-12-02T02:00:02.247+0700 [DEBUG] [org.gradle.cache.internal.LockOnDemandCrossProcessCacheAccess] Releasing file lock for file hash cache (C:\Users\user\StudioProjects\TestApp\caches\8.7\fileHashes)
2024-12-02T02:00:02.248+0700 [DEBUG] [org.gradle.cache.internal.btree.BTreePersistentIndexedCache] Closing cache fileHashes.bin (C:\Users\user\StudioProjects\TestApp\caches\8.7\fileHashes\fileHashes.bin)
2024-12-02T02:00:02.248+0700 [DEBUG] [org.gradle.cache.internal.btree.BTreePersistentIndexedCache] Closing cache resourceHashesCache.bin (C:\Users\user\StudioProjects\TestApp\caches\8.7\fileHashes\resourceHashesCache.bin)
2024-12-02T02:00:02.248+0700 [DEBUG] [org.gradle.cache.internal.DefaultFileLockManager] Releasing lock on file hash cache (C:\Users\user\StudioProjects\TestApp\caches\8.7\fileHashes).
2024-12-02T02:00:02.251+0700 [DEBUG] [org.gradle.cache.internal.VersionSpecificCacheCleanupAction] Processed version-specific caches at C:\Users\user\StudioProjects\TestApp\caches for cleanup in 0.001 secs
Daemon vm is shutting down... The daemon has exited normally or was terminated in response to a user interrupt.
2024-12-02T02:00:02.257+0700 [DEBUG] [org.gradle.launcher.daemon.registry.PersistentDaemonRegistry] Removing daemon address: [b2836edc-d4cd-49cd-bc51-561db073f51c port:55591, addresses:[localhost/127.0.0.1]]
2024-12-02T02:00:02.258+0700 [DEBUG] [org.gradle.cache.internal.DefaultFileLockManager] Waiting to acquire exclusive lock on daemon addresses registry.
2024-12-02T02:00:02.258+0700 [DEBUG] [org.gradle.cache.internal.DefaultFileLockManager] Lock acquired on daemon addresses registry.
2024-12-02T02:00:02.259+0700 [DEBUG] [org.gradle.cache.internal.DefaultFileLockManager] Releasing lock on daemon addresses registry.
