2024-10-24T13:26:30.939+0700 [DEBUG] [org.gradle.launcher.daemon.bootstrap.DaemonMain] Assuming the daemon was started with following jvm opts: [--add-opens=java.base/java.util=ALL-UNNAMED, --add-opens=java.base/java.lang=ALL-UNNAMED, --add-opens=java.base/java.lang.invoke=ALL-UNNAMED, --add-opens=java.prefs/java.util.prefs=ALL-UNNAMED, --add-opens=java.base/java.nio.charset=ALL-UNNAMED, --add-opens=java.base/java.net=ALL-UNNAMED, --add-opens=java.base/java.util.concurrent.atomic=ALL-UNNAMED, -Xmx2048m, -Dfile.encoding=UTF-8, -Duser.country=ID, -Duser.language=en, -Duser.variant]
2024-10-24T13:26:31.166+0700 [DEBUG] [org.gradle.internal.nativeintegration.services.NativeServices] Native-platform posix files integration is not available. Continuing with fallback.
2024-10-24T13:26:31.185+0700 [INFO] [org.gradle.launcher.daemon.server.Daemon] start() called on daemon - DefaultDaemonContext[uid=67222c62-9103-4f01-9a4d-28319267fe98,javaHome=C:\Program Files\Android\Android Studio\jbr,daemonRegistryDir=C:\Users\user\StudioProjects\TestApp\daemon,pid=10764,idleTimeout=10800000,priority=NORMAL,applyInstrumentationAgent=true,daemonOpts=--add-opens=java.base/java.util=ALL-UNNAMED,--add-opens=java.base/java.lang=ALL-UNNAMED,--add-opens=java.base/java.lang.invoke=ALL-UNNAMED,--add-opens=java.prefs/java.util.prefs=ALL-UNNAMED,--add-opens=java.base/java.nio.charset=ALL-UNNAMED,--add-opens=java.base/java.net=ALL-UNNAMED,--add-opens=java.base/java.util.concurrent.atomic=ALL-UNNAMED,-Xmx2048m,-Dfile.encoding=UTF-8,-Duser.country=ID,-Duser.language=en,-Duser.variant]
2024-10-24T13:26:31.270+0700 [DEBUG] [org.gradle.internal.remote.internal.inet.InetAddresses] Adding IP addresses for network interface Software Loopback Interface 1
2024-10-24T13:26:31.273+0700 [DEBUG] [org.gradle.internal.remote.internal.inet.InetAddresses] Is this a loopback interface? true
2024-10-24T13:26:31.273+0700 [DEBUG] [org.gradle.internal.remote.internal.inet.InetAddresses] Adding loopback address /127.0.0.1
2024-10-24T13:26:31.274+0700 [DEBUG] [org.gradle.internal.remote.internal.inet.InetAddresses] Adding loopback address /0:0:0:0:0:0:0:1
2024-10-24T13:26:31.275+0700 [DEBUG] [org.gradle.internal.remote.internal.inet.InetAddresses] Adding IP addresses for network interface Microsoft 6to4 Adapter
2024-10-24T13:26:31.278+0700 [DEBUG] [org.gradle.internal.remote.internal.inet.InetAddresses] Is this a loopback interface? false
2024-10-24T13:26:31.278+0700 [DEBUG] [org.gradle.internal.remote.internal.inet.InetAddresses] Adding IP addresses for network interface Microsoft Wi-Fi Direct Virtual Adapter
2024-10-24T13:26:31.281+0700 [DEBUG] [org.gradle.internal.remote.internal.inet.InetAddresses] Is this a loopback interface? false
2024-10-24T13:26:31.282+0700 [DEBUG] [org.gradle.internal.remote.internal.inet.InetAddresses] Adding remote address /fe80:0:0:0:d1bc:7aab:1542:1513%wlan0
2024-10-24T13:26:31.282+0700 [DEBUG] [org.gradle.internal.remote.internal.inet.InetAddresses] Adding IP addresses for network interface WAN Miniport (L2TP)
2024-10-24T13:26:31.285+0700 [DEBUG] [org.gradle.internal.remote.internal.inet.InetAddresses] Is this a loopback interface? false
2024-10-24T13:26:31.285+0700 [DEBUG] [org.gradle.internal.remote.internal.inet.InetAddresses] Adding IP addresses for network interface ASIX AX88179A USB 3.2 Gen1 to Gigabit Ethernet Adapter
2024-10-24T13:26:31.288+0700 [DEBUG] [org.gradle.internal.remote.internal.inet.InetAddresses] Is this a loopback interface? false
2024-10-24T13:26:31.289+0700 [DEBUG] [org.gradle.internal.remote.internal.inet.InetAddresses] Adding IP addresses for network interface Microsoft IP-HTTPS Platform Adapter
2024-10-24T13:26:31.292+0700 [DEBUG] [org.gradle.internal.remote.internal.inet.InetAddresses] Is this a loopback interface? false
2024-10-24T13:26:31.292+0700 [DEBUG] [org.gradle.internal.remote.internal.inet.InetAddresses] Adding IP addresses for network interface Bluetooth Device (Personal Area Network)
2024-10-24T13:26:31.295+0700 [DEBUG] [org.gradle.internal.remote.internal.inet.InetAddresses] Is this a loopback interface? false
2024-10-24T13:26:31.295+0700 [DEBUG] [org.gradle.internal.remote.internal.inet.InetAddresses] Adding IP addresses for network interface WAN Miniport (PPTP)
2024-10-24T13:26:31.298+0700 [DEBUG] [org.gradle.internal.remote.internal.inet.InetAddresses] Is this a loopback interface? false
2024-10-24T13:26:31.298+0700 [DEBUG] [org.gradle.internal.remote.internal.inet.InetAddresses] Adding IP addresses for network interface Microsoft Wi-Fi Direct Virtual Adapter #3
2024-10-24T13:26:31.301+0700 [DEBUG] [org.gradle.internal.remote.internal.inet.InetAddresses] Is this a loopback interface? false
2024-10-24T13:26:31.301+0700 [DEBUG] [org.gradle.internal.remote.internal.inet.InetAddresses] Adding remote address /fe80:0:0:0:b278:c9a4:fc34:390e%wlan1
2024-10-24T13:26:31.301+0700 [DEBUG] [org.gradle.internal.remote.internal.inet.InetAddresses] Adding IP addresses for network interface Realtek USB GbE Family Controller
2024-10-24T13:26:31.304+0700 [DEBUG] [org.gradle.internal.remote.internal.inet.InetAddresses] Is this a loopback interface? false
2024-10-24T13:26:31.305+0700 [DEBUG] [org.gradle.internal.remote.internal.inet.InetAddresses] Adding IP addresses for network interface Realtek USB GbE Family Controller #2
2024-10-24T13:26:31.307+0700 [DEBUG] [org.gradle.internal.remote.internal.inet.InetAddresses] Is this a loopback interface? false
2024-10-24T13:26:31.308+0700 [DEBUG] [org.gradle.internal.remote.internal.inet.InetAddresses] Adding IP addresses for network interface WAN Miniport (IKEv2)
2024-10-24T13:26:31.310+0700 [DEBUG] [org.gradle.internal.remote.internal.inet.InetAddresses] Is this a loopback interface? false
2024-10-24T13:26:31.311+0700 [DEBUG] [org.gradle.internal.remote.internal.inet.InetAddresses] Adding IP addresses for network interface ASIX AX88179 USB 3.0 to Gigabit Ethernet Adapter
2024-10-24T13:26:31.314+0700 [DEBUG] [org.gradle.internal.remote.internal.inet.InetAddresses] Is this a loopback interface? false
2024-10-24T13:26:31.314+0700 [DEBUG] [org.gradle.internal.remote.internal.inet.InetAddresses] Adding IP addresses for network interface Microsoft Teredo Tunneling Adapter
2024-10-24T13:26:31.316+0700 [DEBUG] [org.gradle.internal.remote.internal.inet.InetAddresses] Is this a loopback interface? false
2024-10-24T13:26:31.316+0700 [DEBUG] [org.gradle.internal.remote.internal.inet.InetAddresses] Adding IP addresses for network interface WAN Miniport (Network Monitor)
2024-10-24T13:26:31.318+0700 [DEBUG] [org.gradle.internal.remote.internal.inet.InetAddresses] Is this a loopback interface? false
2024-10-24T13:26:31.319+0700 [DEBUG] [org.gradle.internal.remote.internal.inet.InetAddresses] Adding IP addresses for network interface Microsoft Kernel Debug Network Adapter
2024-10-24T13:26:31.320+0700 [DEBUG] [org.gradle.internal.remote.internal.inet.InetAddresses] Is this a loopback interface? false
2024-10-24T13:26:31.320+0700 [DEBUG] [org.gradle.internal.remote.internal.inet.InetAddresses] Adding IP addresses for network interface WAN Miniport (IP)
2024-10-24T13:26:31.322+0700 [DEBUG] [org.gradle.internal.remote.internal.inet.InetAddresses] Is this a loopback interface? false
2024-10-24T13:26:31.322+0700 [DEBUG] [org.gradle.internal.remote.internal.inet.InetAddresses] Adding IP addresses for network interface Microsoft Wi-Fi Direct Virtual Adapter #2
2024-10-24T13:26:31.324+0700 [DEBUG] [org.gradle.internal.remote.internal.inet.InetAddresses] Is this a loopback interface? false
2024-10-24T13:26:31.324+0700 [DEBUG] [org.gradle.internal.remote.internal.inet.InetAddresses] Adding IP addresses for network interface Intel(R) Wi-Fi 6 AX201 160MHz
2024-10-24T13:26:31.328+0700 [DEBUG] [org.gradle.internal.remote.internal.inet.InetAddresses] Is this a loopback interface? false
2024-10-24T13:26:31.328+0700 [DEBUG] [org.gradle.internal.remote.internal.inet.InetAddresses] Adding remote address /192.168.200.56
2024-10-24T13:26:31.328+0700 [DEBUG] [org.gradle.internal.remote.internal.inet.InetAddresses] Adding remote address /fe80:0:0:0:dc52:66ce:af0a:8ce2%wlan3
2024-10-24T13:26:31.328+0700 [DEBUG] [org.gradle.internal.remote.internal.inet.InetAddresses] Adding IP addresses for network interface VirtualBox Host-Only Ethernet Adapter
2024-10-24T13:26:31.331+0700 [DEBUG] [org.gradle.internal.remote.internal.inet.InetAddresses] Is this a loopback interface? false
2024-10-24T13:26:31.332+0700 [DEBUG] [org.gradle.internal.remote.internal.inet.InetAddresses] Adding remote address /192.168.7.3
2024-10-24T13:26:31.332+0700 [DEBUG] [org.gradle.internal.remote.internal.inet.InetAddresses] Adding remote address /fe80:0:0:0:1ab9:f7a0:4b6e:8196%eth8
2024-10-24T13:26:31.332+0700 [DEBUG] [org.gradle.internal.remote.internal.inet.InetAddresses] Adding IP addresses for network interface WAN Miniport (PPPOE)
2024-10-24T13:26:31.336+0700 [DEBUG] [org.gradle.internal.remote.internal.inet.InetAddresses] Is this a loopback interface? false
2024-10-24T13:26:31.336+0700 [DEBUG] [org.gradle.internal.remote.internal.inet.InetAddresses] Adding IP addresses for network interface WAN Miniport (IPv6)
2024-10-24T13:26:31.339+0700 [DEBUG] [org.gradle.internal.remote.internal.inet.InetAddresses] Is this a loopback interface? false
2024-10-24T13:26:31.339+0700 [DEBUG] [org.gradle.internal.remote.internal.inet.InetAddresses] Adding IP addresses for network interface WAN Miniport (SSTP)
2024-10-24T13:26:31.342+0700 [DEBUG] [org.gradle.internal.remote.internal.inet.InetAddresses] Is this a loopback interface? false
2024-10-24T13:26:31.342+0700 [DEBUG] [org.gradle.internal.remote.internal.inet.InetAddresses] Adding IP addresses for network interface Realtek USB GbE Family Controller #3
2024-10-24T13:26:31.345+0700 [DEBUG] [org.gradle.internal.remote.internal.inet.InetAddresses] Is this a loopback interface? false
2024-10-24T13:26:31.345+0700 [DEBUG] [org.gradle.internal.remote.internal.inet.InetAddresses] Adding IP addresses for network interface VirtualBox Host-Only Ethernet Adapter-WFP Native MAC Layer LightWeight Filter-0000
2024-10-24T13:26:31.348+0700 [DEBUG] [org.gradle.internal.remote.internal.inet.InetAddresses] Is this a loopback interface? false
2024-10-24T13:26:31.348+0700 [DEBUG] [org.gradle.internal.remote.internal.inet.InetAddresses] Adding IP addresses for network interface VirtualBox Host-Only Ethernet Adapter-QoS Packet Scheduler-0000
2024-10-24T13:26:31.350+0700 [DEBUG] [org.gradle.internal.remote.internal.inet.InetAddresses] Is this a loopback interface? false
2024-10-24T13:26:31.351+0700 [DEBUG] [org.gradle.internal.remote.internal.inet.InetAddresses] Adding IP addresses for network interface VirtualBox Host-Only Ethernet Adapter-WFP 802.3 MAC Layer LightWeight Filter-0000
2024-10-24T13:26:31.353+0700 [DEBUG] [org.gradle.internal.remote.internal.inet.InetAddresses] Is this a loopback interface? false
2024-10-24T13:26:31.353+0700 [DEBUG] [org.gradle.internal.remote.internal.inet.InetAddresses] Adding IP addresses for network interface Intel(R) Wi-Fi 6 AX201 160MHz-WFP Native MAC Layer LightWeight Filter-0000
2024-10-24T13:26:31.356+0700 [DEBUG] [org.gradle.internal.remote.internal.inet.InetAddresses] Is this a loopback interface? false
2024-10-24T13:26:31.356+0700 [DEBUG] [org.gradle.internal.remote.internal.inet.InetAddresses] Adding IP addresses for network interface Intel(R) Wi-Fi 6 AX201 160MHz-Virtual WiFi Filter Driver-0000
2024-10-24T13:26:31.358+0700 [DEBUG] [org.gradle.internal.remote.internal.inet.InetAddresses] Is this a loopback interface? false
2024-10-24T13:26:31.358+0700 [DEBUG] [org.gradle.internal.remote.internal.inet.InetAddresses] Adding IP addresses for network interface Intel(R) Wi-Fi 6 AX201 160MHz-Native WiFi Filter Driver-0000
2024-10-24T13:26:31.360+0700 [DEBUG] [org.gradle.internal.remote.internal.inet.InetAddresses] Is this a loopback interface? false
2024-10-24T13:26:31.360+0700 [DEBUG] [org.gradle.internal.remote.internal.inet.InetAddresses] Adding IP addresses for network interface Intel(R) Wi-Fi 6 AX201 160MHz-VirtualBox NDIS Light-Weight Filter-0000
2024-10-24T13:26:31.362+0700 [DEBUG] [org.gradle.internal.remote.internal.inet.InetAddresses] Is this a loopback interface? false
2024-10-24T13:26:31.363+0700 [DEBUG] [org.gradle.internal.remote.internal.inet.InetAddresses] Adding IP addresses for network interface Intel(R) Wi-Fi 6 AX201 160MHz-QoS Packet Scheduler-0000
2024-10-24T13:26:31.365+0700 [DEBUG] [org.gradle.internal.remote.internal.inet.InetAddresses] Is this a loopback interface? false
2024-10-24T13:26:31.365+0700 [DEBUG] [org.gradle.internal.remote.internal.inet.InetAddresses] Adding IP addresses for network interface Intel(R) Wi-Fi 6 AX201 160MHz-WFP 802.3 MAC Layer LightWeight Filter-0000
2024-10-24T13:26:31.367+0700 [DEBUG] [org.gradle.internal.remote.internal.inet.InetAddresses] Is this a loopback interface? false
2024-10-24T13:26:31.368+0700 [DEBUG] [org.gradle.internal.remote.internal.inet.InetAddresses] Adding IP addresses for network interface Microsoft Wi-Fi Direct Virtual Adapter #3-WFP Native MAC Layer LightWeight Filter-0000
2024-10-24T13:26:31.369+0700 [DEBUG] [org.gradle.internal.remote.internal.inet.InetAddresses] Is this a loopback interface? false
2024-10-24T13:26:31.369+0700 [DEBUG] [org.gradle.internal.remote.internal.inet.InetAddresses] Adding IP addresses for network interface Microsoft Wi-Fi Direct Virtual Adapter #3-Native WiFi Filter Driver-0000
2024-10-24T13:26:31.371+0700 [DEBUG] [org.gradle.internal.remote.internal.inet.InetAddresses] Is this a loopback interface? false
2024-10-24T13:26:31.371+0700 [DEBUG] [org.gradle.internal.remote.internal.inet.InetAddresses] Adding IP addresses for network interface Microsoft Wi-Fi Direct Virtual Adapter #3-VirtualBox NDIS Light-Weight Filter-0000
2024-10-24T13:26:31.373+0700 [DEBUG] [org.gradle.internal.remote.internal.inet.InetAddresses] Is this a loopback interface? false
2024-10-24T13:26:31.373+0700 [DEBUG] [org.gradle.internal.remote.internal.inet.InetAddresses] Adding IP addresses for network interface Microsoft Wi-Fi Direct Virtual Adapter #3-QoS Packet Scheduler-0000
2024-10-24T13:26:31.376+0700 [DEBUG] [org.gradle.internal.remote.internal.inet.InetAddresses] Is this a loopback interface? false
2024-10-24T13:26:31.376+0700 [DEBUG] [org.gradle.internal.remote.internal.inet.InetAddresses] Adding IP addresses for network interface Microsoft Wi-Fi Direct Virtual Adapter #3-WFP 802.3 MAC Layer LightWeight Filter-0000
2024-10-24T13:26:31.379+0700 [DEBUG] [org.gradle.internal.remote.internal.inet.InetAddresses] Is this a loopback interface? false
2024-10-24T13:26:31.379+0700 [DEBUG] [org.gradle.internal.remote.internal.inet.InetAddresses] Adding IP addresses for network interface WAN Miniport (IP)-WFP Native MAC Layer LightWeight Filter-0000
2024-10-24T13:26:31.382+0700 [DEBUG] [org.gradle.internal.remote.internal.inet.InetAddresses] Is this a loopback interface? false
2024-10-24T13:26:31.382+0700 [DEBUG] [org.gradle.internal.remote.internal.inet.InetAddresses] Adding IP addresses for network interface WAN Miniport (IP)-QoS Packet Scheduler-0000
2024-10-24T13:26:31.385+0700 [DEBUG] [org.gradle.internal.remote.internal.inet.InetAddresses] Is this a loopback interface? false
2024-10-24T13:26:31.385+0700 [DEBUG] [org.gradle.internal.remote.internal.inet.InetAddresses] Adding IP addresses for network interface WAN Miniport (IPv6)-WFP Native MAC Layer LightWeight Filter-0000
2024-10-24T13:26:31.387+0700 [DEBUG] [org.gradle.internal.remote.internal.inet.InetAddresses] Is this a loopback interface? false
2024-10-24T13:26:31.387+0700 [DEBUG] [org.gradle.internal.remote.internal.inet.InetAddresses] Adding IP addresses for network interface WAN Miniport (IPv6)-QoS Packet Scheduler-0000
2024-10-24T13:26:31.390+0700 [DEBUG] [org.gradle.internal.remote.internal.inet.InetAddresses] Is this a loopback interface? false
2024-10-24T13:26:31.390+0700 [DEBUG] [org.gradle.internal.remote.internal.inet.InetAddresses] Adding IP addresses for network interface WAN Miniport (Network Monitor)-WFP Native MAC Layer LightWeight Filter-0000
2024-10-24T13:26:31.393+0700 [DEBUG] [org.gradle.internal.remote.internal.inet.InetAddresses] Is this a loopback interface? false
2024-10-24T13:26:31.393+0700 [DEBUG] [org.gradle.internal.remote.internal.inet.InetAddresses] Adding IP addresses for network interface WAN Miniport (Network Monitor)-QoS Packet Scheduler-0000
2024-10-24T13:26:31.396+0700 [DEBUG] [org.gradle.internal.remote.internal.inet.InetAddresses] Is this a loopback interface? false
2024-10-24T13:26:31.396+0700 [DEBUG] [org.gradle.internal.remote.internal.inet.InetAddresses] Adding IP addresses for network interface Microsoft Wi-Fi Direct Virtual Adapter-WFP Native MAC Layer LightWeight Filter-0000
2024-10-24T13:26:31.398+0700 [DEBUG] [org.gradle.internal.remote.internal.inet.InetAddresses] Is this a loopback interface? false
2024-10-24T13:26:31.398+0700 [DEBUG] [org.gradle.internal.remote.internal.inet.InetAddresses] Adding IP addresses for network interface Microsoft Wi-Fi Direct Virtual Adapter-Native WiFi Filter Driver-0000
2024-10-24T13:26:31.401+0700 [DEBUG] [org.gradle.internal.remote.internal.inet.InetAddresses] Is this a loopback interface? false
2024-10-24T13:26:31.401+0700 [DEBUG] [org.gradle.internal.remote.internal.inet.InetAddresses] Adding IP addresses for network interface Microsoft Wi-Fi Direct Virtual Adapter-VirtualBox NDIS Light-Weight Filter-0000
2024-10-24T13:26:31.403+0700 [DEBUG] [org.gradle.internal.remote.internal.inet.InetAddresses] Is this a loopback interface? false
2024-10-24T13:26:31.403+0700 [DEBUG] [org.gradle.internal.remote.internal.inet.InetAddresses] Adding IP addresses for network interface Microsoft Wi-Fi Direct Virtual Adapter-QoS Packet Scheduler-0000
2024-10-24T13:26:31.405+0700 [DEBUG] [org.gradle.internal.remote.internal.inet.InetAddresses] Is this a loopback interface? false
2024-10-24T13:26:31.405+0700 [DEBUG] [org.gradle.internal.remote.internal.inet.InetAddresses] Adding IP addresses for network interface Microsoft Wi-Fi Direct Virtual Adapter-WFP 802.3 MAC Layer LightWeight Filter-0000
2024-10-24T13:26:31.407+0700 [DEBUG] [org.gradle.internal.remote.internal.inet.InetAddresses] Is this a loopback interface? false
2024-10-24T13:26:31.415+0700 [DEBUG] [org.gradle.internal.remote.internal.inet.TcpIncomingConnector] Listening on [5365fa02-720a-4102-a64c-ebd1c75dab3f port:52579, addresses:[localhost/127.0.0.1]].
2024-10-24T13:26:31.429+0700 [DEBUG] [org.gradle.launcher.daemon.server.Daemon] Daemon starting at: Thu Oct 24 13:26:31 WIB 2024, with address: [5365fa02-720a-4102-a64c-ebd1c75dab3f port:52579, addresses:[localhost/127.0.0.1]]
2024-10-24T13:26:31.429+0700 [INFO] [org.gradle.launcher.daemon.server.DaemonRegistryUpdater] Advertising the daemon address to the clients: [5365fa02-720a-4102-a64c-ebd1c75dab3f port:52579, addresses:[localhost/127.0.0.1]]
2024-10-24T13:26:31.429+0700 [DEBUG] [org.gradle.launcher.daemon.server.DaemonRegistryUpdater] Advertised daemon context: DefaultDaemonContext[uid=67222c62-9103-4f01-9a4d-28319267fe98,javaHome=C:\Program Files\Android\Android Studio\jbr,daemonRegistryDir=C:\Users\user\StudioProjects\TestApp\daemon,pid=10764,idleTimeout=10800000,priority=NORMAL,applyInstrumentationAgent=true,daemonOpts=--add-opens=java.base/java.util=ALL-UNNAMED,--add-opens=java.base/java.lang=ALL-UNNAMED,--add-opens=java.base/java.lang.invoke=ALL-UNNAMED,--add-opens=java.prefs/java.util.prefs=ALL-UNNAMED,--add-opens=java.base/java.nio.charset=ALL-UNNAMED,--add-opens=java.base/java.net=ALL-UNNAMED,--add-opens=java.base/java.util.concurrent.atomic=ALL-UNNAMED,-Xmx2048m,-Dfile.encoding=UTF-8,-Duser.country=ID,-Duser.language=en,-Duser.variant]
2024-10-24T13:26:31.430+0700 [DEBUG] [org.gradle.launcher.daemon.registry.PersistentDaemonRegistry] Storing daemon address: [5365fa02-720a-4102-a64c-ebd1c75dab3f port:52579, addresses:[localhost/127.0.0.1]], context: DefaultDaemonContext[uid=67222c62-9103-4f01-9a4d-28319267fe98,javaHome=C:\Program Files\Android\Android Studio\jbr,daemonRegistryDir=C:\Users\user\StudioProjects\TestApp\daemon,pid=10764,idleTimeout=10800000,priority=NORMAL,applyInstrumentationAgent=true,daemonOpts=--add-opens=java.base/java.util=ALL-UNNAMED,--add-opens=java.base/java.lang=ALL-UNNAMED,--add-opens=java.base/java.lang.invoke=ALL-UNNAMED,--add-opens=java.prefs/java.util.prefs=ALL-UNNAMED,--add-opens=java.base/java.nio.charset=ALL-UNNAMED,--add-opens=java.base/java.net=ALL-UNNAMED,--add-opens=java.base/java.util.concurrent.atomic=ALL-UNNAMED,-Xmx2048m,-Dfile.encoding=UTF-8,-Duser.country=ID,-Duser.language=en,-Duser.variant]
2024-10-24T13:26:31.446+0700 [DEBUG] [org.gradle.cache.internal.DefaultFileLockManager] Waiting to acquire exclusive lock on daemon addresses registry.
2024-10-24T13:26:31.451+0700 [DEBUG] [org.gradle.cache.internal.DefaultFileLockManager] Lock acquired on daemon addresses registry.
2024-10-24T13:26:31.458+0700 [DEBUG] [org.gradle.cache.internal.DefaultFileLockManager] Releasing lock on daemon addresses registry.
2024-10-24T13:26:31.460+0700 [LIFECYCLE] [org.gradle.launcher.daemon.server.Daemon] Daemon server started.
2024-10-24T13:26:31.462+0700 [DEBUG] [org.gradle.launcher.daemon.bootstrap.DaemonStartupCommunication] Completed writing the daemon greeting. Closing streams...
2024-10-24T13:26:31.468+0700 [DEBUG] [org.gradle.launcher.daemon.server.Daemon] stopOnExpiration() called on daemon
2024-10-24T13:26:31.470+0700 [DEBUG] [org.gradle.launcher.daemon.server.Daemon] awaitExpiration() called on daemon
2024-10-24T13:26:31.470+0700 [DEBUG] [org.gradle.launcher.daemon.server.DaemonStateCoordinator] daemon is running. Sleeping until state changes.
2024-10-24T13:26:31.474+0700 [DEBUG] [org.gradle.internal.remote.internal.inet.TcpIncomingConnector] Accepted connection from /127.0.0.1:52580 to /127.0.0.1:52579.
2024-10-24T13:26:31.543+0700 [DEBUG] [org.gradle.launcher.daemon.server.SynchronizedDispatchConnection] thread 22: received class org.gradle.launcher.daemon.protocol.Build
2024-10-24T13:26:31.543+0700 [DEBUG] [org.gradle.launcher.daemon.server.DefaultDaemonConnection] thread 22: Received non-IO message from client: Build{id=736a9628-94e7-4337-82a2-b6958ec53339, currentDir=C:\Users\user\StudioProjects\BeritaApp}
2024-10-24T13:26:31.544+0700 [INFO] [org.gradle.launcher.daemon.server.DefaultIncomingConnectionHandler] Received command: Build{id=736a9628-94e7-4337-82a2-b6958ec53339, currentDir=C:\Users\user\StudioProjects\BeritaApp}.
2024-10-24T13:26:31.544+0700 [DEBUG] [org.gradle.launcher.daemon.server.DefaultIncomingConnectionHandler] Starting executing command: Build{id=736a9628-94e7-4337-82a2-b6958ec53339, currentDir=C:\Users\user\StudioProjects\BeritaApp} with connection: socket connection from /127.0.0.1:52579 to /127.0.0.1:52580.
2024-10-24T13:26:31.546+0700 [DEBUG] [org.gradle.launcher.daemon.server.DaemonStateCoordinator] Command execution: started DaemonCommandExecution[command = Build{id=736a9628-94e7-4337-82a2-b6958ec53339, currentDir=C:\Users\user\StudioProjects\BeritaApp}, connection = DefaultDaemonConnection: socket connection from /127.0.0.1:52579 to /127.0.0.1:52580] after 0.0 minutes of idle
2024-10-24T13:26:31.546+0700 [INFO] [org.gradle.launcher.daemon.server.DaemonRegistryUpdater] Marking the daemon as busy, address: [5365fa02-720a-4102-a64c-ebd1c75dab3f port:52579, addresses:[localhost/127.0.0.1]]
2024-10-24T13:26:31.546+0700 [DEBUG] [org.gradle.launcher.daemon.registry.PersistentDaemonRegistry] Marking busy by address: [5365fa02-720a-4102-a64c-ebd1c75dab3f port:52579, addresses:[localhost/127.0.0.1]]
2024-10-24T13:26:31.547+0700 [DEBUG] [org.gradle.cache.internal.DefaultFileLockManager] Waiting to acquire exclusive lock on daemon addresses registry.
2024-10-24T13:26:31.548+0700 [DEBUG] [org.gradle.cache.internal.DefaultFileLockManager] Lock acquired on daemon addresses registry.
2024-10-24T13:26:31.549+0700 [DEBUG] [org.gradle.cache.internal.DefaultFileLockManager] Releasing lock on daemon addresses registry.
2024-10-24T13:26:31.550+0700 [DEBUG] [org.gradle.launcher.daemon.server.DaemonStateCoordinator] resetting idle timer
2024-10-24T13:26:31.550+0700 [DEBUG] [org.gradle.launcher.daemon.server.DaemonStateCoordinator] daemon is running. Sleeping until state changes.
2024-10-24T13:26:31.552+0700 [INFO] [org.gradle.launcher.daemon.server.exec.StartBuildOrRespondWithBusy] Daemon is about to start building Build{id=736a9628-94e7-4337-82a2-b6958ec53339, currentDir=C:\Users\user\StudioProjects\BeritaApp}. Dispatching build started information...
2024-10-24T13:26:31.552+0700 [DEBUG] [org.gradle.launcher.daemon.server.SynchronizedDispatchConnection] thread 24: dispatching org.gradle.launcher.daemon.protocol.BuildStarted@1fb88f32
2024-10-24T13:26:31.554+0700 [DEBUG] [org.gradle.launcher.daemon.server.exec.EstablishBuildEnvironment] Configuring env variables: [USERDOMAIN_ROAMINGPROFILE, PROCESSOR_LEVEL, SESSIONNAME, ALLUSERSPROFILE, PROCESSOR_ARCHITECTURE, PSModulePath, SystemDrive, USERNAME, ProgramFiles(x86), FPS_BROWSER_USER_PROFILE_STRING, PATHEXT, DriverData, OneDriveConsumer, ProgramData, ProgramW6432, __PSLockDownPolicy, HOMEPATH, PROCESSOR_IDENTIFIER, ProgramFiles, PUBLIC, windir, =::, ZES_ENABLE_SYSMAN, OneDriveCommercial, LOCALAPPDATA, USERDOMAIN, LOGONSERVER, FPS_BROWSER_APP_PROFILE_STRING, JAVA_HOME, OneDrive, QT_DEVICE_PIXEL_RATIO, APPDATA, EFC_8104, VBOX_MSI_INSTALL_PATH, CommonProgramFiles, PT7HOME, Path, OS, COMPUTERNAME, PROCESSOR_REVISION, CommonProgramW6432, ComSpec, TEMP, SystemRoot, HOMEDRIVE, USERPROFILE, TMP, CommonProgramFiles(x86), NUMBER_OF_PROCESSORS, IDEA_INITIAL_DIRECTORY]
2024-10-24T13:26:31.557+0700 [DEBUG] [org.gradle.launcher.daemon.server.SynchronizedDispatchConnection] thread 22: received class org.gradle.launcher.daemon.protocol.CloseInput
2024-10-24T13:26:31.558+0700 [DEBUG] [org.gradle.launcher.daemon.server.DefaultDaemonConnection] thread 22: Received IO message from client: org.gradle.launcher.daemon.protocol.CloseInput@13529d55
2024-10-24T13:26:31.562+0700 [DEBUG] [org.gradle.launcher.daemon.server.exec.LogToClient] About to start relaying all logs to the client via the connection.
2024-10-24T13:26:31.562+0700 [INFO] [org.gradle.launcher.daemon.server.exec.LogToClient] The client will now receive all logging from the daemon (pid: 10764). The daemon log file: C:\Users\user\StudioProjects\TestApp\daemon\8.7\daemon-10764.out.log
2024-10-24T13:26:31.566+0700 [INFO] [org.gradle.launcher.daemon.server.exec.LogAndCheckHealth] Starting build in new daemon [memory: 2 GiB]
2024-10-24T13:26:31.568+0700 [INFO] [org.gradle.launcher.daemon.server.exec.ForwardClientInput] Closing daemon's stdin at end of input.
2024-10-24T13:26:31.569+0700 [INFO] [org.gradle.launcher.daemon.server.exec.ForwardClientInput] The daemon will no longer process any standard input.
2024-10-24T13:26:31.571+0700 [DEBUG] [org.gradle.launcher.daemon.server.exec.ExecuteBuild] The daemon has started executing the build.
2024-10-24T13:26:31.571+0700 [DEBUG] [org.gradle.launcher.daemon.server.exec.ExecuteBuild] Executing build with daemon context: DefaultDaemonContext[uid=67222c62-9103-4f01-9a4d-28319267fe98,javaHome=C:\Program Files\Android\Android Studio\jbr,daemonRegistryDir=C:\Users\user\StudioProjects\TestApp\daemon,pid=10764,idleTimeout=10800000,priority=NORMAL,applyInstrumentationAgent=true,daemonOpts=--add-opens=java.base/java.util=ALL-UNNAMED,--add-opens=java.base/java.lang=ALL-UNNAMED,--add-opens=java.base/java.lang.invoke=ALL-UNNAMED,--add-opens=java.prefs/java.util.prefs=ALL-UNNAMED,--add-opens=java.base/java.nio.charset=ALL-UNNAMED,--add-opens=java.base/java.net=ALL-UNNAMED,--add-opens=java.base/java.util.concurrent.atomic=ALL-UNNAMED,-Xmx2048m,-Dfile.encoding=UTF-8,-Duser.country=ID,-Duser.language=en,-Duser.variant]

Deprecated Gradle features were used in this build, making it incompatible with Gradle 9.0.

You can use '--warning-mode all' to show the individual deprecation warnings and determine if they come from your own scripts or plugins.

For more on this, please refer to https://docs.gradle.org/8.7/userguide/command_line_interface.html#sec:command_line_warnings in the Gradle documentation.

BUILD SUCCESSFUL in 23s
32 actionable tasks: 32 up-to-date
2024-10-24T13:26:52.472+0700 [DEBUG] [org.gradle.launcher.daemon.server.exec.ExecuteBuild] The daemon has finished executing the build.
2024-10-24T13:26:52.490+0700 [DEBUG] [org.gradle.launcher.daemon.server.DaemonStateCoordinator] daemon is running. Sleeping until state changes.
2024-10-24T13:26:52.490+0700 [DEBUG] [org.gradle.launcher.daemon.server.DaemonStateCoordinator] Command execution: finished waiting for DaemonCommandExecution[command = Build{id=736a9628-94e7-4337-82a2-b6958ec53339, currentDir=C:\Users\user\StudioProjects\BeritaApp}, connection = DefaultDaemonConnection: socket connection from /127.0.0.1:52579 to /127.0.0.1:52580]. Result org.gradle.launcher.daemon.server.DaemonStateCoordinator@58d89fda with state Busy
2024-10-24T13:26:52.491+0700 [DEBUG] [org.gradle.launcher.daemon.server.DaemonStateCoordinator] Command execution: completed DaemonCommandExecution[command = Build{id=736a9628-94e7-4337-82a2-b6958ec53339, currentDir=C:\Users\user\StudioProjects\BeritaApp}, connection = DefaultDaemonConnection: socket connection from /127.0.0.1:52579 to /127.0.0.1:52580]
2024-10-24T13:26:52.491+0700 [DEBUG] [org.gradle.launcher.daemon.server.DaemonStateCoordinator] resetting idle timer
2024-10-24T13:26:52.491+0700 [INFO] [org.gradle.launcher.daemon.server.DaemonRegistryUpdater] Marking the daemon as idle, address: [5365fa02-720a-4102-a64c-ebd1c75dab3f port:52579, addresses:[localhost/127.0.0.1]]
2024-10-24T13:26:52.491+0700 [DEBUG] [org.gradle.launcher.daemon.registry.PersistentDaemonRegistry] Marking busy by address: [5365fa02-720a-4102-a64c-ebd1c75dab3f port:52579, addresses:[localhost/127.0.0.1]]
2024-10-24T13:26:52.493+0700 [DEBUG] [org.gradle.cache.internal.DefaultFileLockManager] Waiting to acquire exclusive lock on daemon addresses registry.
2024-10-24T13:26:52.494+0700 [DEBUG] [org.gradle.cache.internal.DefaultFileLockManager] Lock acquired on daemon addresses registry.
2024-10-24T13:26:52.496+0700 [DEBUG] [org.gradle.cache.internal.DefaultFileLockManager] Releasing lock on daemon addresses registry.
2024-10-24T13:26:52.496+0700 [DEBUG] [org.gradle.launcher.daemon.server.DaemonStateCoordinator] daemon is running. Sleeping until state changes.
2024-10-24T13:26:52.497+0700 [DEBUG] [org.gradle.launcher.daemon.server.exec.ReturnResult] Daemon is dispatching the build result: Success[value=org.gradle.launcher.exec.BuildActionResult@6f0b538f]
2024-10-24T13:26:52.497+0700 [DEBUG] [org.gradle.launcher.daemon.server.SynchronizedDispatchConnection] thread 21: dispatching Success[value=org.gradle.launcher.exec.BuildActionResult@6f0b538f]
2024-10-24T13:26:52.499+0700 [DEBUG] [org.gradle.launcher.daemon.server.SynchronizedDispatchConnection] thread 22: received class org.gradle.launcher.daemon.protocol.Finished
2024-10-24T13:26:52.499+0700 [DEBUG] [org.gradle.launcher.daemon.server.DefaultDaemonConnection] thread 22: Received non-IO message from client: org.gradle.launcher.daemon.protocol.Finished@b203ef0
2024-10-24T13:26:52.499+0700 [DEBUG] [org.gradle.launcher.daemon.server.DefaultIncomingConnectionHandler] Finishing executing command: Build{id=736a9628-94e7-4337-82a2-b6958ec53339, currentDir=C:\Users\user\StudioProjects\BeritaApp}
2024-10-24T13:26:52.499+0700 [DEBUG] [org.gradle.launcher.daemon.server.DefaultIncomingConnectionHandler] Received finished message: org.gradle.launcher.daemon.protocol.Finished@b203ef0
2024-10-24T13:26:52.499+0700 [DEBUG] [org.gradle.launcher.daemon.server.SynchronizedDispatchConnection] thread 21: stopping connection
2024-10-24T13:26:52.500+0700 [DEBUG] [org.gradle.internal.remote.internal.inet.SocketConnection] Discarding EOFException: java.io.EOFException
2024-10-24T13:26:52.500+0700 [DEBUG] [org.gradle.launcher.daemon.server.SynchronizedDispatchConnection] thread 22: received null
2024-10-24T13:26:52.500+0700 [DEBUG] [org.gradle.launcher.daemon.server.DefaultDaemonConnection] thread 22: Received end-of-input from client.
2024-10-24T13:26:52.500+0700 [DEBUG] [org.gradle.launcher.daemon.server.exec.CleanUpVirtualFileSystemAfterBuild] Cleaning virtual file system after build finished
2024-10-24T13:26:52.501+0700 [DEBUG] [org.gradle.launcher.daemon.server.SynchronizedDispatchConnection] thread 21: stopping connection
2024-10-24T13:26:52.997+0700 [DEBUG] [org.gradle.process.internal.health.memory.DefaultMemoryManager] 1696523059 physical memory requested, 519921664 free
2024-10-24T13:26:52.997+0700 [DEBUG] [org.gradle.workers.internal.WorkerDaemonExpiration] Will attempt to release 1617 of memory
2024-10-24T13:26:52.997+0700 [DEBUG] [org.gradle.process.internal.health.memory.DefaultMemoryManager] 1696523059 physical memory requested, 0 released, 519921664 free
2024-10-24T13:26:57.998+0700 [DEBUG] [org.gradle.process.internal.health.memory.DefaultMemoryManager] 1696523059 physical memory requested, 474423296 free
2024-10-24T13:26:57.999+0700 [DEBUG] [org.gradle.workers.internal.WorkerDaemonExpiration] Will attempt to release 1617 of memory
2024-10-24T13:26:57.999+0700 [DEBUG] [org.gradle.process.internal.health.memory.DefaultMemoryManager] 1696523059 physical memory requested, 0 released, 474423296 free
2024-10-24T13:27:01.485+0700 [DEBUG] [org.gradle.cache.internal.DefaultFileLockManager] Waiting to acquire shared lock on daemon addresses registry.
2024-10-24T13:27:01.486+0700 [DEBUG] [org.gradle.cache.internal.DefaultFileLockManager] Lock acquired on daemon addresses registry.
2024-10-24T13:27:01.486+0700 [DEBUG] [org.gradle.cache.internal.DefaultFileLockManager] Releasing lock on daemon addresses registry.
2024-10-24T13:27:01.488+0700 [DEBUG] [org.gradle.cache.internal.DefaultFileLockManager] Waiting to acquire shared lock on daemon addresses registry.
2024-10-24T13:27:01.488+0700 [DEBUG] [org.gradle.cache.internal.DefaultFileLockManager] Lock acquired on daemon addresses registry.
2024-10-24T13:27:01.488+0700 [DEBUG] [org.gradle.cache.internal.DefaultFileLockManager] Releasing lock on daemon addresses registry.
2024-10-24T13:27:02.996+0700 [DEBUG] [org.gradle.process.internal.health.memory.DefaultMemoryManager] 1696523059 physical memory requested, 310046720 free
2024-10-24T13:27:02.996+0700 [DEBUG] [org.gradle.workers.internal.WorkerDaemonExpiration] Will attempt to release 1617 of memory
2024-10-24T13:27:02.996+0700 [DEBUG] [org.gradle.process.internal.health.memory.DefaultMemoryManager] 1696523059 physical memory requested, 0 released, 310046720 free
2024-10-24T13:27:07.991+0700 [DEBUG] [org.gradle.process.internal.health.memory.DefaultMemoryManager] 1696523059 physical memory requested, 317546496 free
2024-10-24T13:27:07.992+0700 [DEBUG] [org.gradle.workers.internal.WorkerDaemonExpiration] Will attempt to release 1617 of memory
2024-10-24T13:27:07.992+0700 [DEBUG] [org.gradle.process.internal.health.memory.DefaultMemoryManager] 1696523059 physical memory requested, 0 released, 317546496 free
2024-10-24T13:27:11.481+0700 [DEBUG] [org.gradle.cache.internal.DefaultFileLockManager] Waiting to acquire shared lock on daemon addresses registry.
2024-10-24T13:27:11.482+0700 [DEBUG] [org.gradle.cache.internal.DefaultFileLockManager] Lock acquired on daemon addresses registry.
2024-10-24T13:27:11.482+0700 [DEBUG] [org.gradle.cache.internal.DefaultFileLockManager] Releasing lock on daemon addresses registry.
2024-10-24T13:27:11.483+0700 [DEBUG] [org.gradle.cache.internal.DefaultFileLockManager] Waiting to acquire shared lock on daemon addresses registry.
2024-10-24T13:27:11.484+0700 [DEBUG] [org.gradle.cache.internal.DefaultFileLockManager] Lock acquired on daemon addresses registry.
2024-10-24T13:27:11.484+0700 [DEBUG] [org.gradle.cache.internal.DefaultFileLockManager] Releasing lock on daemon addresses registry.
2024-10-24T13:27:11.485+0700 [DEBUG] [org.gradle.cache.internal.DefaultFileLockManager] Waiting to acquire shared lock on daemon addresses registry.
2024-10-24T13:27:11.485+0700 [DEBUG] [org.gradle.cache.internal.DefaultFileLockManager] Lock acquired on daemon addresses registry.
2024-10-24T13:27:11.485+0700 [DEBUG] [org.gradle.cache.internal.DefaultFileLockManager] Releasing lock on daemon addresses registry.
2024-10-24T13:27:12.999+0700 [DEBUG] [org.gradle.process.internal.health.memory.DefaultMemoryManager] 1696523059 physical memory requested, 287453184 free
2024-10-24T13:27:12.999+0700 [DEBUG] [org.gradle.workers.internal.WorkerDaemonExpiration] Will attempt to release 1617 of memory
2024-10-24T13:27:12.999+0700 [DEBUG] [org.gradle.process.internal.health.memory.DefaultMemoryManager] 1696523059 physical memory requested, 0 released, 287453184 free
2024-10-24T13:27:17.996+0700 [DEBUG] [org.gradle.process.internal.health.memory.DefaultMemoryManager] 1696523059 physical memory requested, 296591360 free
2024-10-24T13:27:17.997+0700 [DEBUG] [org.gradle.workers.internal.WorkerDaemonExpiration] Will attempt to release 1617 of memory
2024-10-24T13:27:17.997+0700 [DEBUG] [org.gradle.process.internal.health.memory.DefaultMemoryManager] 1696523059 physical memory requested, 0 released, 296591360 free
2024-10-24T13:27:21.476+0700 [DEBUG] [org.gradle.cache.internal.DefaultFileLockManager] Waiting to acquire shared lock on daemon addresses registry.
2024-10-24T13:27:21.476+0700 [DEBUG] [org.gradle.cache.internal.DefaultFileLockManager] Lock acquired on daemon addresses registry.
2024-10-24T13:27:21.477+0700 [DEBUG] [org.gradle.cache.internal.DefaultFileLockManager] Releasing lock on daemon addresses registry.
2024-10-24T13:27:21.479+0700 [DEBUG] [org.gradle.cache.internal.DefaultFileLockManager] Waiting to acquire shared lock on daemon addresses registry.
2024-10-24T13:27:21.479+0700 [DEBUG] [org.gradle.cache.internal.DefaultFileLockManager] Lock acquired on daemon addresses registry.
2024-10-24T13:27:21.480+0700 [DEBUG] [org.gradle.cache.internal.DefaultFileLockManager] Releasing lock on daemon addresses registry.
2024-10-24T13:27:21.481+0700 [DEBUG] [org.gradle.cache.internal.DefaultFileLockManager] Waiting to acquire shared lock on daemon addresses registry.
2024-10-24T13:27:21.481+0700 [DEBUG] [org.gradle.cache.internal.DefaultFileLockManager] Lock acquired on daemon addresses registry.
2024-10-24T13:27:21.482+0700 [DEBUG] [org.gradle.cache.internal.DefaultFileLockManager] Releasing lock on daemon addresses registry.
2024-10-24T13:27:22.988+0700 [DEBUG] [org.gradle.process.internal.health.memory.DefaultMemoryManager] 1696523059 physical memory requested, 267472896 free
2024-10-24T13:27:22.988+0700 [DEBUG] [org.gradle.workers.internal.WorkerDaemonExpiration] Will attempt to release 1617 of memory
2024-10-24T13:27:22.988+0700 [DEBUG] [org.gradle.process.internal.health.memory.DefaultMemoryManager] 1696523059 physical memory requested, 0 released, 267472896 free
2024-10-24T13:27:27.999+0700 [DEBUG] [org.gradle.process.internal.health.memory.DefaultMemoryManager] 1696523059 physical memory requested, 253513728 free
2024-10-24T13:27:27.999+0700 [DEBUG] [org.gradle.workers.internal.WorkerDaemonExpiration] Will attempt to release 1617 of memory
2024-10-24T13:27:27.999+0700 [DEBUG] [org.gradle.process.internal.health.memory.DefaultMemoryManager] 1696523059 physical memory requested, 0 released, 253513728 free
2024-10-24T13:27:31.477+0700 [DEBUG] [org.gradle.cache.internal.DefaultFileLockManager] Waiting to acquire shared lock on daemon addresses registry.
2024-10-24T13:27:31.478+0700 [DEBUG] [org.gradle.cache.internal.DefaultFileLockManager] Lock acquired on daemon addresses registry.
2024-10-24T13:27:31.483+0700 [DEBUG] [org.gradle.cache.internal.DefaultFileLockManager] Releasing lock on daemon addresses registry.
2024-10-24T13:27:31.484+0700 [DEBUG] [org.gradle.cache.internal.DefaultFileLockManager] Waiting to acquire shared lock on daemon addresses registry.
2024-10-24T13:27:31.485+0700 [DEBUG] [org.gradle.cache.internal.DefaultFileLockManager] Lock acquired on daemon addresses registry.
2024-10-24T13:27:31.485+0700 [DEBUG] [org.gradle.cache.internal.DefaultFileLockManager] Releasing lock on daemon addresses registry.
2024-10-24T13:27:31.486+0700 [DEBUG] [org.gradle.cache.internal.DefaultFileLockManager] Waiting to acquire shared lock on daemon addresses registry.
2024-10-24T13:27:31.486+0700 [DEBUG] [org.gradle.cache.internal.DefaultFileLockManager] Lock acquired on daemon addresses registry.
2024-10-24T13:27:31.486+0700 [DEBUG] [org.gradle.cache.internal.DefaultFileLockManager] Releasing lock on daemon addresses registry.
2024-10-24T13:27:33.000+0700 [DEBUG] [org.gradle.process.internal.health.memory.DefaultMemoryManager] 1696523059 physical memory requested, 247406592 free
2024-10-24T13:27:33.001+0700 [DEBUG] [org.gradle.workers.internal.WorkerDaemonExpiration] Will attempt to release 1617 of memory
2024-10-24T13:27:33.001+0700 [DEBUG] [org.gradle.process.internal.health.memory.DefaultMemoryManager] 1696523059 physical memory requested, 0 released, 247406592 free
2024-10-24T13:27:37.989+0700 [DEBUG] [org.gradle.process.internal.health.memory.DefaultMemoryManager] 1696523059 physical memory requested, 311529472 free
2024-10-24T13:27:37.989+0700 [DEBUG] [org.gradle.workers.internal.WorkerDaemonExpiration] Will attempt to release 1617 of memory
2024-10-24T13:27:37.989+0700 [DEBUG] [org.gradle.process.internal.health.memory.DefaultMemoryManager] 1696523059 physical memory requested, 0 released, 311529472 free
2024-10-24T13:27:41.482+0700 [DEBUG] [org.gradle.cache.internal.DefaultFileLockManager] Waiting to acquire shared lock on daemon addresses registry.
2024-10-24T13:27:41.483+0700 [DEBUG] [org.gradle.cache.internal.DefaultFileLockManager] Lock acquired on daemon addresses registry.
2024-10-24T13:27:41.488+0700 [DEBUG] [org.gradle.cache.internal.DefaultFileLockManager] Releasing lock on daemon addresses registry.
2024-10-24T13:27:41.489+0700 [DEBUG] [org.gradle.cache.internal.DefaultFileLockManager] Waiting to acquire shared lock on daemon addresses registry.
2024-10-24T13:27:41.489+0700 [DEBUG] [org.gradle.cache.internal.DefaultFileLockManager] Lock acquired on daemon addresses registry.
2024-10-24T13:27:41.489+0700 [DEBUG] [org.gradle.cache.internal.DefaultFileLockManager] Releasing lock on daemon addresses registry.
2024-10-24T13:27:41.489+0700 [DEBUG] [org.gradle.cache.internal.DefaultFileLockManager] Waiting to acquire shared lock on daemon addresses registry.
2024-10-24T13:27:41.489+0700 [DEBUG] [org.gradle.cache.internal.DefaultFileLockManager] Lock acquired on daemon addresses registry.
2024-10-24T13:27:41.490+0700 [DEBUG] [org.gradle.cache.internal.DefaultFileLockManager] Releasing lock on daemon addresses registry.
2024-10-24T13:27:42.988+0700 [DEBUG] [org.gradle.process.internal.health.memory.DefaultMemoryManager] 1696523059 physical memory requested, 944422912 free
2024-10-24T13:27:42.988+0700 [DEBUG] [org.gradle.workers.internal.WorkerDaemonExpiration] Will attempt to release 1617 of memory
2024-10-24T13:27:42.989+0700 [DEBUG] [org.gradle.process.internal.health.memory.DefaultMemoryManager] 1696523059 physical memory requested, 0 released, 944422912 free
2024-10-24T13:27:43.982+0700 [DEBUG] [org.gradle.internal.remote.internal.inet.TcpIncomingConnector] Accepted connection from /127.0.0.1:52666 to /127.0.0.1:52579.
2024-10-24T13:27:43.989+0700 [DEBUG] [org.gradle.launcher.daemon.server.SynchronizedDispatchConnection] thread 132: received class org.gradle.launcher.daemon.protocol.StopWhenIdle
2024-10-24T13:27:43.990+0700 [DEBUG] [org.gradle.launcher.daemon.server.DefaultDaemonConnection] thread 132: Received non-IO message from client: StopWhenIdle[id=578f425a-918b-4f68-9066-bfe9e243ed70]
2024-10-24T13:27:43.990+0700 [INFO] [org.gradle.launcher.daemon.server.DefaultIncomingConnectionHandler] Received command: StopWhenIdle[id=578f425a-918b-4f68-9066-bfe9e243ed70].
2024-10-24T13:27:43.990+0700 [DEBUG] [org.gradle.launcher.daemon.server.DefaultIncomingConnectionHandler] Starting executing command: StopWhenIdle[id=578f425a-918b-4f68-9066-bfe9e243ed70] with connection: socket connection from /127.0.0.1:52579 to /127.0.0.1:52666.
2024-10-24T13:27:43.990+0700 [DEBUG] [org.gradle.launcher.daemon.server.DaemonRegistryUpdater] Storing daemon stop event: stop command received
2024-10-24T13:27:43.992+0700 [DEBUG] [org.gradle.launcher.daemon.registry.PersistentDaemonRegistry] Storing daemon stop event with timestamp 1729751263992
2024-10-24T13:27:43.993+0700 [DEBUG] [org.gradle.cache.internal.DefaultFileLockManager] Waiting to acquire exclusive lock on daemon addresses registry.
2024-10-24T13:27:43.993+0700 [DEBUG] [org.gradle.cache.internal.DefaultFileLockManager] Lock acquired on daemon addresses registry.
2024-10-24T13:27:43.995+0700 [DEBUG] [org.gradle.cache.internal.DefaultFileLockManager] Releasing lock on daemon addresses registry.
2024-10-24T13:27:43.995+0700 [LIFECYCLE] [org.gradle.launcher.daemon.server.DaemonStateCoordinator] Daemon will be stopped at the end of the build stop command received
2024-10-24T13:27:43.995+0700 [DEBUG] [org.gradle.launcher.daemon.server.DaemonStateCoordinator] Marking daemon stopped due to stop command received. The daemon is running a build: false
2024-10-24T13:27:43.996+0700 [DEBUG] [org.gradle.launcher.daemon.server.SynchronizedDispatchConnection] thread 21: dispatching Success[value=null]
2024-10-24T13:27:43.996+0700 [DEBUG] [org.gradle.launcher.daemon.server.DefaultIncomingConnectionHandler] Finishing executing command: StopWhenIdle[id=578f425a-918b-4f68-9066-bfe9e243ed70]
2024-10-24T13:27:43.996+0700 [DEBUG] [org.gradle.launcher.daemon.server.SynchronizedDispatchConnection] thread 132: received class org.gradle.launcher.daemon.protocol.Finished
2024-10-24T13:27:43.996+0700 [DEBUG] [org.gradle.launcher.daemon.server.DaemonStateCoordinator] daemon has stopped.
2024-10-24T13:27:43.996+0700 [DEBUG] [org.gradle.launcher.daemon.server.DefaultDaemonConnection] thread 132: Received non-IO message from client: org.gradle.launcher.daemon.protocol.Finished@10163357
2024-10-24T13:27:43.996+0700 [DEBUG] [org.gradle.launcher.daemon.server.Daemon] stop() called on daemon
2024-10-24T13:27:43.996+0700 [DEBUG] [org.gradle.internal.remote.internal.inet.SocketConnection] Discarding EOFException: java.io.EOFException
2024-10-24T13:27:43.997+0700 [DEBUG] [org.gradle.launcher.daemon.server.DefaultIncomingConnectionHandler] Received finished message: org.gradle.launcher.daemon.protocol.Finished@10163357
2024-10-24T13:27:43.997+0700 [DEBUG] [org.gradle.launcher.daemon.server.SynchronizedDispatchConnection] thread 132: received null
2024-10-24T13:27:43.996+0700 [INFO] [org.gradle.launcher.daemon.server.Daemon] Stop requested. Daemon is removing its presence from the registry...
2024-10-24T13:27:43.997+0700 [DEBUG] [org.gradle.launcher.daemon.server.DefaultDaemonConnection] thread 132: Received end-of-input from client.
2024-10-24T13:27:43.997+0700 [DEBUG] [org.gradle.launcher.daemon.server.SynchronizedDispatchConnection] thread 21: stopping connection
2024-10-24T13:27:43.997+0700 [DEBUG] [org.gradle.launcher.daemon.server.DaemonRegistryUpdater] Removing our presence to clients, eg. removing this address from the registry: [5365fa02-720a-4102-a64c-ebd1c75dab3f port:52579, addresses:[localhost/127.0.0.1]]
2024-10-24T13:27:43.997+0700 [DEBUG] [org.gradle.launcher.daemon.registry.PersistentDaemonRegistry] Removing daemon address: [5365fa02-720a-4102-a64c-ebd1c75dab3f port:52579, addresses:[localhost/127.0.0.1]]
2024-10-24T13:27:43.998+0700 [DEBUG] [org.gradle.launcher.daemon.server.SynchronizedDispatchConnection] thread 21: stopping connection
2024-10-24T13:27:43.999+0700 [DEBUG] [org.gradle.cache.internal.DefaultFileLockManager] Waiting to acquire exclusive lock on daemon addresses registry.
2024-10-24T13:27:43.999+0700 [DEBUG] [org.gradle.cache.internal.DefaultFileLockManager] Lock acquired on daemon addresses registry.
2024-10-24T13:27:44.000+0700 [DEBUG] [org.gradle.cache.internal.DefaultFileLockManager] Releasing lock on daemon addresses registry.
2024-10-24T13:27:44.001+0700 [DEBUG] [org.gradle.launcher.daemon.server.DaemonRegistryUpdater] Address removed from registry.
2024-10-24T13:27:44.013+0700 [DEBUG] [org.gradle.cache.internal.DefaultPersistentDirectoryStore] jars (C:\Users\user\StudioProjects\TestApp\caches\jars-9) has last been fully cleaned up 21 hours ago
2024-10-24T13:27:44.014+0700 [DEBUG] [org.gradle.cache.internal.DefaultCacheCoordinator] Cache jars (C:\Users\user\StudioProjects\TestApp\caches\jars-9) was closed 0 times.
2024-10-24T13:27:44.015+0700 [DEBUG] [org.gradle.cache.internal.LockOnDemandCrossProcessCacheAccess] Releasing file lock for file content cache (C:\Users\user\StudioProjects\TestApp\caches\8.7\fileContent)
2024-10-24T13:27:44.015+0700 [DEBUG] [org.gradle.cache.internal.DefaultFileLockManager] Releasing lock on file content cache (C:\Users\user\StudioProjects\TestApp\caches\8.7\fileContent).
2024-10-24T13:27:44.015+0700 [DEBUG] [org.gradle.internal.watch.vfs.impl.WatchingVirtualFileSystem] Closing VFS, dropping state
2024-10-24T13:27:44.017+0700 [DEBUG] [org.gradle.internal.watch.registry.impl.DefaultFileWatcherRegistry] Finished listening to file system change events
2024-10-24T13:27:44.017+0700 [DEBUG] [org.gradle.cache.internal.LockOnDemandCrossProcessCacheAccess] Releasing file lock for Generated Gradle JARs cache (C:\Users\user\StudioProjects\TestApp\caches\8.7\generated-gradle-jars)
2024-10-24T13:27:44.018+0700 [DEBUG] [org.gradle.cache.internal.DefaultFileLockManager] Releasing lock on Generated Gradle JARs cache (C:\Users\user\StudioProjects\TestApp\caches\8.7\generated-gradle-jars).
2024-10-24T13:27:44.019+0700 [DEBUG] [org.gradle.cache.internal.DefaultPersistentDirectoryStore] Artifact transforms cache (C:\Users\user\StudioProjects\TestApp\caches\transforms-4) has last been fully cleaned up 61 hours ago
2024-10-24T13:27:44.019+0700 [INFO] [org.gradle.cache.internal.LeastRecentlyUsedCacheCleanup] Artifact transforms cache (C:\Users\user\StudioProjects\TestApp\caches\transforms-4) removing files not accessed on or after Thu Oct 17 13:26:34 WIB 2024.
2024-10-24T13:27:49.216+0700 [INFO] [org.gradle.cache.internal.AbstractCacheCleanup] Artifact transforms cache (C:\Users\user\StudioProjects\TestApp\caches\transforms-4) cleanup deleted 87 files/directories.
2024-10-24T13:27:49.217+0700 [INFO] [org.gradle.cache.internal.DefaultPersistentDirectoryStore] Artifact transforms cache (C:\Users\user\StudioProjects\TestApp\caches\transforms-4) cleaned up in 5.196 secs.
2024-10-24T13:27:49.217+0700 [DEBUG] [org.gradle.cache.internal.DefaultCacheCoordinator] Cache Artifact transforms cache (C:\Users\user\StudioProjects\TestApp\caches\transforms-4) was closed 0 times.
2024-10-24T13:27:49.217+0700 [DEBUG] [org.gradle.cache.internal.LockOnDemandCrossProcessCacheAccess] Releasing file lock for artifact cache (C:\Users\user\StudioProjects\TestApp\caches\modules-2)
2024-10-24T13:27:49.217+0700 [DEBUG] [org.gradle.cache.internal.btree.BTreePersistentIndexedCache] Closing cache module-artifact.bin (C:\Users\user\StudioProjects\TestApp\caches\modules-2\metadata-2.106\module-artifact.bin)
2024-10-24T13:27:49.217+0700 [DEBUG] [org.gradle.cache.internal.btree.BTreePersistentIndexedCache] Closing cache module-metadata.bin (C:\Users\user\StudioProjects\TestApp\caches\modules-2\metadata-2.106\module-metadata.bin)
2024-10-24T13:27:49.217+0700 [DEBUG] [org.gradle.cache.internal.DefaultFileLockManager] Releasing lock on artifact cache (C:\Users\user\StudioProjects\TestApp\caches\modules-2).
2024-10-24T13:27:49.218+0700 [DEBUG] [org.gradle.cache.internal.DefaultPersistentDirectoryStore] artifact cache (C:\Users\user\StudioProjects\TestApp\caches\modules-2) has last been fully cleaned up 61 hours ago
2024-10-24T13:27:49.221+0700 [INFO] [org.gradle.cache.internal.AbstractCacheCleanup] artifact cache (C:\Users\user\StudioProjects\TestApp\caches\modules-2) cleanup deleted 0 files/directories.
2024-10-24T13:27:49.222+0700 [INFO] [org.gradle.cache.internal.AbstractCacheCleanup] artifact cache (C:\Users\user\StudioProjects\TestApp\caches\modules-2) [subdir: C:\Users\user\StudioProjects\TestApp\caches\modules-2\resources-2.1] cleanup deleted 0 files/directories.
2024-10-24T13:27:49.222+0700 [INFO] [org.gradle.cache.internal.LeastRecentlyUsedCacheCleanup] artifact cache (C:\Users\user\StudioProjects\TestApp\caches\modules-2) [subdir: C:\Users\user\StudioProjects\TestApp\caches\modules-2\resources-2.1] removing files not accessed on or after Tue Sep 24 13:26:34 WIB 2024.
2024-10-24T13:27:49.222+0700 [INFO] [org.gradle.cache.internal.AbstractCacheCleanup] artifact cache (C:\Users\user\StudioProjects\TestApp\caches\modules-2) [subdir: C:\Users\user\StudioProjects\TestApp\caches\modules-2\resources-2.1] cleanup deleted 0 files/directories.
2024-10-24T13:27:49.222+0700 [INFO] [org.gradle.cache.internal.AbstractCacheCleanup] artifact cache (C:\Users\user\StudioProjects\TestApp\caches\modules-2) [subdir: C:\Users\user\StudioProjects\TestApp\caches\modules-2\files-2.1] cleanup deleted 0 files/directories.
2024-10-24T13:27:49.223+0700 [INFO] [org.gradle.cache.internal.LeastRecentlyUsedCacheCleanup] artifact cache (C:\Users\user\StudioProjects\TestApp\caches\modules-2) [subdir: C:\Users\user\StudioProjects\TestApp\caches\modules-2\files-2.1] removing files not accessed on or after Tue Sep 24 13:26:34 WIB 2024.
2024-10-24T13:27:49.394+0700 [INFO] [org.gradle.cache.internal.AbstractCacheCleanup] artifact cache (C:\Users\user\StudioProjects\TestApp\caches\modules-2) [subdir: C:\Users\user\StudioProjects\TestApp\caches\modules-2\files-2.1] cleanup deleted 56 files/directories.
2024-10-24T13:27:49.395+0700 [INFO] [org.gradle.cache.internal.AbstractCacheCleanup] artifact cache (C:\Users\user\StudioProjects\TestApp\caches\modules-2) [subdir: C:\Users\user\StudioProjects\TestApp\caches\modules-2\metadata-2.106] cleanup deleted 0 files/directories.
2024-10-24T13:27:49.395+0700 [INFO] [org.gradle.cache.internal.DefaultPersistentDirectoryStore] artifact cache (C:\Users\user\StudioProjects\TestApp\caches\modules-2) cleaned up in 0.176 secs.
2024-10-24T13:27:49.396+0700 [DEBUG] [org.gradle.cache.internal.DefaultPersistentDirectoryStore] groovy-dsl (C:\Users\user\StudioProjects\TestApp\caches\8.7\groovy-dsl) has last been fully cleaned up 61 hours ago
2024-10-24T13:27:49.396+0700 [INFO] [org.gradle.cache.internal.LeastRecentlyUsedCacheCleanup] groovy-dsl (C:\Users\user\StudioProjects\TestApp\caches\8.7\groovy-dsl) removing files not accessed on or after Thu Oct 17 13:26:34 WIB 2024.
2024-10-24T13:27:49.421+0700 [INFO] [org.gradle.cache.internal.AbstractCacheCleanup] groovy-dsl (C:\Users\user\StudioProjects\TestApp\caches\8.7\groovy-dsl) cleanup deleted 6 files/directories.
2024-10-24T13:27:49.422+0700 [INFO] [org.gradle.cache.internal.DefaultPersistentDirectoryStore] groovy-dsl (C:\Users\user\StudioProjects\TestApp\caches\8.7\groovy-dsl) cleaned up in 0.025 secs.
2024-10-24T13:27:49.422+0700 [DEBUG] [org.gradle.cache.internal.DefaultCacheCoordinator] Cache groovy-dsl (C:\Users\user\StudioProjects\TestApp\caches\8.7\groovy-dsl) was closed 0 times.
2024-10-24T13:27:49.422+0700 [DEBUG] [org.gradle.cache.internal.DefaultPersistentDirectoryStore] kotlin-dsl (C:\Users\user\StudioProjects\TestApp\caches\8.7\kotlin-dsl) has last been fully cleaned up 61 hours ago
2024-10-24T13:27:49.423+0700 [INFO] [org.gradle.cache.internal.LeastRecentlyUsedCacheCleanup] kotlin-dsl (C:\Users\user\StudioProjects\TestApp\caches\8.7\kotlin-dsl) removing files not accessed on or after Thu Oct 17 13:26:34 WIB 2024.
2024-10-24T13:27:49.712+0700 [INFO] [org.gradle.cache.internal.AbstractCacheCleanup] kotlin-dsl (C:\Users\user\StudioProjects\TestApp\caches\8.7\kotlin-dsl) cleanup deleted 9 files/directories.
2024-10-24T13:27:49.712+0700 [INFO] [org.gradle.cache.internal.DefaultPersistentDirectoryStore] kotlin-dsl (C:\Users\user\StudioProjects\TestApp\caches\8.7\kotlin-dsl) cleaned up in 0.289 secs.
2024-10-24T13:27:49.712+0700 [DEBUG] [org.gradle.cache.internal.DefaultCacheCoordinator] Cache kotlin-dsl (C:\Users\user\StudioProjects\TestApp\caches\8.7\kotlin-dsl) was closed 0 times.
2024-10-24T13:27:49.712+0700 [DEBUG] [org.gradle.cache.internal.LockOnDemandCrossProcessCacheAccess] Releasing file lock for journal cache (C:\Users\user\StudioProjects\TestApp\caches\journal-1)
2024-10-24T13:27:49.712+0700 [DEBUG] [org.gradle.cache.internal.btree.BTreePersistentIndexedCache] Closing cache file-access.bin (C:\Users\user\StudioProjects\TestApp\caches\journal-1\file-access.bin)
2024-10-24T13:27:49.713+0700 [DEBUG] [org.gradle.cache.internal.DefaultFileLockManager] Releasing lock on journal cache (C:\Users\user\StudioProjects\TestApp\caches\journal-1).
2024-10-24T13:27:49.713+0700 [DEBUG] [org.gradle.cache.internal.LockOnDemandCrossProcessCacheAccess] Releasing file lock for file hash cache (C:\Users\user\StudioProjects\TestApp\caches\8.7\fileHashes)
2024-10-24T13:27:49.713+0700 [DEBUG] [org.gradle.cache.internal.btree.BTreePersistentIndexedCache] Closing cache fileHashes.bin (C:\Users\user\StudioProjects\TestApp\caches\8.7\fileHashes\fileHashes.bin)
2024-10-24T13:27:49.713+0700 [DEBUG] [org.gradle.cache.internal.btree.BTreePersistentIndexedCache] Closing cache resourceHashesCache.bin (C:\Users\user\StudioProjects\TestApp\caches\8.7\fileHashes\resourceHashesCache.bin)
2024-10-24T13:27:49.714+0700 [DEBUG] [org.gradle.cache.internal.DefaultFileLockManager] Releasing lock on file hash cache (C:\Users\user\StudioProjects\TestApp\caches\8.7\fileHashes).
2024-10-24T13:27:49.715+0700 [DEBUG] [org.gradle.cache.internal.VersionSpecificCacheCleanupAction] Processed version-specific caches at C:\Users\user\StudioProjects\TestApp\caches for cleanup in 0.0 secs
2024-10-24T13:27:49.721+0700 [DEBUG] [org.gradle.launcher.daemon.registry.PersistentDaemonRegistry] Removing daemon address: [5365fa02-720a-4102-a64c-ebd1c75dab3f port:52579, addresses:[localhost/127.0.0.1]]
Daemon vm is shutting down... The daemon has exited normally or was terminated in response to a user interrupt.
2024-10-24T13:27:49.722+0700 [DEBUG] [org.gradle.cache.internal.DefaultFileLockManager] Waiting to acquire exclusive lock on daemon addresses registry.
2024-10-24T13:27:49.722+0700 [DEBUG] [org.gradle.cache.internal.DefaultFileLockManager] Lock acquired on daemon addresses registry.
2024-10-24T13:27:49.723+0700 [DEBUG] [org.gradle.cache.internal.DefaultFileLockManager] Releasing lock on daemon addresses registry.
